# JRE version: Java(TM) SE Runtime Environment (8.0_05-b13) (build 1.8.0_05-b13)
# Java VM: Java HotSpot(TM) 64-Bit Server VM (25.5-b02 mixed mode windows-amd64 compressed oops)
Heap:
 PSYoungGen      total 96256K, used 9317K [0x00000000eab00000, 0x00000000f1700000, 0x0000000100000000)
  eden space 84992K, 0% used [0x00000000eab00000,0x00000000eab00000,0x00000000efe00000)
  from space 11264K, 82% used [0x00000000efe00000,0x00000000f07196a0,0x00000000f0900000)
  to   space 7680K, 0% used [0x00000000f0900000,0x00000000f0900000,0x00000000f1080000)
 ParOldGen       total 32256K, used 27292K [0x00000000c0000000, 0x00000000c1f80000, 0x00000000eab00000)
  object space 32256K, 84% used [0x00000000c0000000,0x00000000c1aa7218,0x00000000c1f80000)
 Metaspace       used 38119K, capacity 39254K, committed 39552K, reserved 1083392K
  class space    used 5237K, capacity 5656K, committed 5760K, reserved 1048576K
GC Heap History (10 events):
Event: 26.852 GC heap before
{Heap before GC invocations=27 (full 1):
 PSYoungGen      total 70656K, used 67872K [0x00000000eab00000, 0x00000000eff00000, 0x0000000100000000)
  eden space 67072K, 100% used [0x00000000eab00000,0x00000000eec80000,0x00000000eec80000)
  from space 3584K, 22% used [0x00000000eec80000,0x00000000eed48020,0x00000000ef000000)
  to   space 3072K, 0% used [0x00000000efc00000,0x00000000efc00000,0x00000000eff00000)
 ParOldGen       total 11264K, used 9566K [0x00000000c0000000, 0x00000000c0b00000, 0x00000000eab00000)
  object space 11264K, 84% used [0x00000000c0000000,0x00000000c0957808,0x00000000c0b00000)
 Metaspace       used 25467K, capacity 26246K, committed 26368K, reserved 1071104K
  class space    used 3466K, capacity 3723K, committed 3840K, reserved 1048576K
Event: 26.877 GC heap after
Heap after GC invocations=27 (full 1):
 PSYoungGen      total 79872K, used 3072K [0x00000000eab00000, 0x00000000f0400000, 0x0000000100000000)
  eden space 76800K, 0% used [0x00000000eab00000,0x00000000eab00000,0x00000000ef600000)
  from space 3072K, 100% used [0x00000000efc00000,0x00000000eff00000,0x00000000eff00000)
  to   space 6144K, 0% used [0x00000000ef600000,0x00000000ef600000,0x00000000efc00000)
 ParOldGen       total 17408K, used 16204K [0x00000000c0000000, 0x00000000c1100000, 0x00000000eab00000)
  object space 17408K, 93% used [0x00000000c0000000,0x00000000c0fd3290,0x00000000c1100000)
 Metaspace       used 25467K, capacity 26246K, committed 26368K, reserved 1071104K
  class space    used 3466K, capacity 3723K, committed 3840K, reserved 1048576K
}
Event: 26.877 GC heap before
{Heap before GC invocations=28 (full 2):
 PSYoungGen      total 79872K, used 3072K [0x00000000eab00000, 0x00000000f0400000, 0x0000000100000000)
  eden space 76800K, 0% used [0x00000000eab00000,0x00000000eab00000,0x00000000ef600000)
  from space 3072K, 100% used [0x00000000efc00000,0x00000000eff00000,0x00000000eff00000)
  to   space 6144K, 0% used [0x00000000ef600000,0x00000000ef600000,0x00000000efc00000)
 ParOldGen       total 17408K, used 16204K [0x00000000c0000000, 0x00000000c1100000, 0x00000000eab00000)
  object space 17408K, 93% used [0x00000000c0000000,0x00000000c0fd3290,0x00000000c1100000)
 Metaspace       used 25467K, capacity 26246K, committed 26368K, reserved 1071104K
  class space    used 3466K, capacity 3723K, committed 3840K, reserved 1048576K
Event: 27.124 GC heap after
Heap after GC invocations=28 (full 2):
 PSYoungGen      total 79872K, used 0K [0x00000000eab00000, 0x00000000f0400000, 0x0000000100000000)
  eden space 76800K, 0% used [0x00000000eab00000,0x00000000eab00000,0x00000000ef600000)
  from space 3072K, 0% used [0x00000000efc00000,0x00000000efc00000,0x00000000eff00000)
  to   space 6144K, 0% used [0x00000000ef600000,0x00000000ef600000,0x00000000efc00000)
 ParOldGen       total 22528K, used 17234K [0x00000000c0000000, 0x00000000c1600000, 0x00000000eab00000)
  object space 22528K, 76% used [0x00000000c0000000,0x00000000c10d4bd8,0x00000000c1600000)
 Metaspace       used 25433K, capacity 26132K, committed 26368K, reserved 1071104K
  class space    used 3460K, capacity 3689K, committed 3840K, reserved 1048576K
}
Event: 37.784 GC heap before
{Heap before GC invocations=29 (full 2):
 PSYoungGen      total 79872K, used 76800K [0x00000000eab00000, 0x00000000f0400000, 0x0000000100000000)
  eden space 76800K, 100% used [0x00000000eab00000,0x00000000ef600000,0x00000000ef600000)
  from space 3072K, 0% used [0x00000000efc00000,0x00000000efc00000,0x00000000eff00000)
  to   space 6144K, 0% used [0x00000000ef600000,0x00000000ef600000,0x00000000efc00000)
 ParOldGen       total 22528K, used 17234K [0x00000000c0000000, 0x00000000c1600000, 0x00000000eab00000)
  object space 22528K, 76% used [0x00000000c0000000,0x00000000c10d4bd8,0x00000000c1600000)
 Metaspace       used 31214K, capacity 32098K, committed 32256K, reserved 1077248K
  class space    used 4196K, capacity 4518K, committed 4608K, reserved 1048576K
Event: 37.820 GC heap after
Heap after GC invocations=29 (full 2):
 PSYoungGen      total 82944K, used 6141K [0x00000000eab00000, 0x00000000f1080000, 0x0000000100000000)
  eden space 76800K, 0% used [0x00000000eab00000,0x00000000eab00000,0x00000000ef600000)
  from space 6144K, 99% used [0x00000000ef600000,0x00000000efbff5f8,0x00000000efc00000)
  to   space 7680K, 0% used [0x00000000f0900000,0x00000000f0900000,0x00000000f1080000)
 ParOldGen       total 22528K, used 18142K [0x00000000c0000000, 0x00000000c1600000, 0x00000000eab00000)
  object space 22528K, 80% used [0x00000000c0000000,0x00000000c11b7bc0,0x00000000c1600000)
 Metaspace       used 31214K, capacity 32098K, committed 32256K, reserved 1077248K
  class space    used 4196K, capacity 4518K, committed 4608K, reserved 1048576K
}
Event: 43.400 GC heap before
{Heap before GC invocations=30 (full 2):
 PSYoungGen      total 82944K, used 82941K [0x00000000eab00000, 0x00000000f1080000, 0x0000000100000000)
  eden space 76800K, 100% used [0x00000000eab00000,0x00000000ef600000,0x00000000ef600000)
  from space 6144K, 99% used [0x00000000ef600000,0x00000000efbff5f8,0x00000000efc00000)
  to   space 7680K, 0% used [0x00000000f0900000,0x00000000f0900000,0x00000000f1080000)
 ParOldGen       total 22528K, used 18142K [0x00000000c0000000, 0x00000000c1600000, 0x00000000eab00000)
  object space 22528K, 80% used [0x00000000c0000000,0x00000000c11b7bc0,0x00000000c1600000)
 Metaspace       used 35594K, capacity 36638K, committed 36864K, reserved 1081344K
  class space    used 4915K, capacity 5262K, committed 5376K, reserved 1048576K
Event: 43.456 GC heap after
Heap after GC invocations=30 (full 2):
 PSYoungGen      total 92672K, used 7680K [0x00000000eab00000, 0x00000000f1700000, 0x0000000100000000)
  eden space 84992K, 0% used [0x00000000eab00000,0x00000000eab00000,0x00000000efe00000)
  from space 7680K, 100% used [0x00000000f0900000,0x00000000f1080000,0x00000000f1080000)
  to   space 11264K, 0% used [0x00000000efe00000,0x00000000efe00000,0x00000000f0900000)
 ParOldGen       total 24576K, used 24478K [0x00000000c0000000, 0x00000000c1800000, 0x00000000eab00000)
  object space 24576K, 99% used [0x00000000c0000000,0x00000000c17e7970,0x00000000c1800000)
 Metaspace       used 35594K, capacity 36638K, committed 36864K, reserved 1081344K
  class space    used 4915K, capacity 5262K, committed 5376K, reserved 1048576K
}
Event: 43.456 GC heap before
{Heap before GC invocations=31 (full 3):
 PSYoungGen      total 92672K, used 7680K [0x00000000eab00000, 0x00000000f1700000, 0x0000000100000000)
  eden space 84992K, 0% used [0x00000000eab00000,0x00000000eab00000,0x00000000efe00000)
  from space 7680K, 100% used [0x00000000f0900000,0x00000000f1080000,0x00000000f1080000)
  to   space 11264K, 0% used [0x00000000efe00000,0x00000000efe00000,0x00000000f0900000)
 ParOldGen       total 24576K, used 24478K [0x00000000c0000000, 0x00000000c1800000, 0x00000000eab00000)
  object space 24576K, 99% used [0x00000000c0000000,0x00000000c17e7970,0x00000000c1800000)
 Metaspace       used 35594K, capacity 36638K, committed 36864K, reserved 1081344K
  class space    used 4915K, capacity 5262K, committed 5376K, reserved 1048576K
Event: 44.157 GC heap after
Heap after GC invocations=31 (full 3):
 PSYoungGen      total 92672K, used 3065K [0x00000000eab00000, 0x00000000f1700000, 0x0000000100000000)
  eden space 84992K, 0% used [0x00000000eab00000,0x00000000eab00000,0x00000000efe00000)
  from space 7680K, 39% used [0x00000000f0900000,0x00000000f0bfe6d0,0x00000000f1080000)
  to   space 11264K, 0% used [0x00000000efe00000,0x00000000efe00000,0x00000000f0900000)
 ParOldGen       total 32256K, used 24244K [0x00000000c0000000, 0x00000000c1f80000, 0x00000000eab00000)
  object space 32256K, 75% used [0x00000000c0000000,0x00000000c17ad218,0x00000000c1f80000)
 Metaspace       used 35594K, capacity 36638K, committed 36864K, reserved 1081344K
  class space    used 4915K, capacity 5262K, committed 5376K, reserved 1048576K
}

