# JRE version: Java(TM) SE Runtime Environment (8.0_05-b13) (build 1.8.0_05-b13)
# Java VM: Java HotSpot(TM) 64-Bit Server VM (25.5-b02 mixed mode windows-amd64 compressed oops)
Heap:
 PSYoungGen      total 61952K, used 26024K [0x00000000eab00000, 0x00000000eef00000, 0x0000000100000000)
  eden space 54784K, 34% used [0x00000000eab00000,0x00000000ebd6e3f8,0x00000000ee080000)
  from space 7168K, 99% used [0x00000000ee080000,0x00000000ee77bca0,0x00000000ee780000)
  to   space 6656K, 0% used [0x00000000ee780000,0x00000000ee780000,0x00000000eee00000)
 ParOldGen       total 129536K, used 27850K [0x00000000c0000000, 0x00000000c7e80000, 0x00000000eab00000)
  object space 129536K, 21% used [0x00000000c0000000,0x00000000c1b32b18,0x00000000c7e80000)
 Metaspace       used 5993K, capacity 7026K, committed 7296K, reserved 1056768K
  class space    used 605K, capacity 618K, committed 640K, reserved 1048576K
GC Heap History (10 events):
Event: 7.352 GC heap before
{Heap before GC invocations=13 (full 0):
 PSYoungGen      total 25088K, used 23648K [0x00000000eab00000, 0x00000000ec700000, 0x0000000100000000)
  eden space 21504K, 100% used [0x00000000eab00000,0x00000000ec000000,0x00000000ec000000)
  from space 3584K, 59% used [0x00000000ec380000,0x00000000ec598010,0x00000000ec700000)
  to   space 3584K, 0% used [0x00000000ec000000,0x00000000ec000000,0x00000000ec380000)
 ParOldGen       total 129536K, used 8563K [0x00000000c0000000, 0x00000000c7e80000, 0x00000000eab00000)
  object space 129536K, 6% used [0x00000000c0000000,0x00000000c085ccf8,0x00000000c7e80000)
 Metaspace       used 5890K, capacity 6962K, committed 7040K, reserved 1056768K
  class space    used 604K, capacity 618K, committed 640K, reserved 1048576K
Event: 7.363 GC heap after
Heap after GC invocations=13 (full 0):
 PSYoungGen      total 25088K, used 3120K [0x00000000eab00000, 0x00000000ed500000, 0x0000000100000000)
  eden space 21504K, 0% used [0x00000000eab00000,0x00000000eab00000,0x00000000ec000000)
  from space 3584K, 87% used [0x00000000ec000000,0x00000000ec30c010,0x00000000ec380000)
  to   space 4096K, 0% used [0x00000000ed100000,0x00000000ed100000,0x00000000ed500000)
 ParOldGen       total 129536K, used 10527K [0x00000000c0000000, 0x00000000c7e80000, 0x00000000eab00000)
  object space 129536K, 8% used [0x00000000c0000000,0x00000000c0a47ee8,0x00000000c7e80000)
 Metaspace       used 5890K, capacity 6962K, committed 7040K, reserved 1056768K
  class space    used 604K, capacity 618K, committed 640K, reserved 1048576K
}
Event: 8.747 GC heap before
{Heap before GC invocations=14 (full 0):
 PSYoungGen      total 25088K, used 24624K [0x00000000eab00000, 0x00000000ed500000, 0x0000000100000000)
  eden space 21504K, 100% used [0x00000000eab00000,0x00000000ec000000,0x00000000ec000000)
  from space 3584K, 87% used [0x00000000ec000000,0x00000000ec30c010,0x00000000ec380000)
  to   space 4096K, 0% used [0x00000000ed100000,0x00000000ed100000,0x00000000ed500000)
 ParOldGen       total 129536K, used 10527K [0x00000000c0000000, 0x00000000c7e80000, 0x00000000eab00000)
  object space 129536K, 8% used [0x00000000c0000000,0x00000000c0a47ee8,0x00000000c7e80000)
 Metaspace       used 5911K, capacity 6962K, committed 7040K, reserved 1056768K
  class space    used 604K, capacity 618K, committed 640K, reserved 1048576K
Event: 8.823 GC heap after
Heap after GC invocations=14 (full 0):
 PSYoungGen      total 38400K, used 3648K [0x00000000eab00000, 0x00000000ed600000, 0x0000000100000000)
  eden space 34304K, 0% used [0x00000000eab00000,0x00000000eab00000,0x00000000ecc80000)
  from space 4096K, 89% used [0x00000000ed100000,0x00000000ed490000,0x00000000ed500000)
  to   space 4608K, 0% used [0x00000000ecc80000,0x00000000ecc80000,0x00000000ed100000)
 ParOldGen       total 129536K, used 13212K [0x00000000c0000000, 0x00000000c7e80000, 0x00000000eab00000)
  object space 129536K, 10% used [0x00000000c0000000,0x00000000c0ce7268,0x00000000c7e80000)
 Metaspace       used 5911K, capacity 6962K, committed 7040K, reserved 1056768K
  class space    used 604K, capacity 618K, committed 640K, reserved 1048576K
}
Event: 11.181 GC heap before
{Heap before GC invocations=15 (full 0):
 PSYoungGen      total 38400K, used 37952K [0x00000000eab00000, 0x00000000ed600000, 0x0000000100000000)
  eden space 34304K, 100% used [0x00000000eab00000,0x00000000ecc80000,0x00000000ecc80000)
  from space 4096K, 89% used [0x00000000ed100000,0x00000000ed490000,0x00000000ed500000)
  to   space 4608K, 0% used [0x00000000ecc80000,0x00000000ecc80000,0x00000000ed100000)
 ParOldGen       total 129536K, used 13212K [0x00000000c0000000, 0x00000000c7e80000, 0x00000000eab00000)
  object space 129536K, 10% used [0x00000000c0000000,0x00000000c0ce7268,0x00000000c7e80000)
 Metaspace       used 5937K, capacity 6962K, committed 7040K, reserved 1056768K
  class space    used 605K, capacity 618K, committed 640K, reserved 1048576K
Event: 11.322 GC heap after
Heap after GC invocations=15 (full 0):
 PSYoungGen      total 38912K, used 4577K [0x00000000eab00000, 0x00000000eee00000, 0x0000000100000000)
  eden space 34304K, 0% used [0x00000000eab00000,0x00000000eab00000,0x00000000ecc80000)
  from space 4608K, 99% used [0x00000000ecc80000,0x00000000ed0f8540,0x00000000ed100000)
  to   space 6656K, 0% used [0x00000000ee780000,0x00000000ee780000,0x00000000eee00000)
 ParOldGen       total 129536K, used 17272K [0x00000000c0000000, 0x00000000c7e80000, 0x00000000eab00000)
  object space 129536K, 13% used [0x00000000c0000000,0x00000000c10de118,0x00000000c7e80000)
 Metaspace       used 5937K, capacity 6962K, committed 7040K, reserved 1056768K
  class space    used 605K, capacity 618K, committed 640K, reserved 1048576K
}
Event: 12.965 GC heap before
{Heap before GC invocations=16 (full 0):
 PSYoungGen      total 38912K, used 38881K [0x00000000eab00000, 0x00000000eee00000, 0x0000000100000000)
  eden space 34304K, 100% used [0x00000000eab00000,0x00000000ecc80000,0x00000000ecc80000)
  from space 4608K, 99% used [0x00000000ecc80000,0x00000000ed0f8540,0x00000000ed100000)
  to   space 6656K, 0% used [0x00000000ee780000,0x00000000ee780000,0x00000000eee00000)
 ParOldGen       total 129536K, used 17272K [0x00000000c0000000, 0x00000000c7e80000, 0x00000000eab00000)
  object space 129536K, 13% used [0x00000000c0000000,0x00000000c10de118,0x00000000c7e80000)
 Metaspace       used 5945K, capacity 6962K, committed 7040K, reserved 1056768K
  class space    used 605K, capacity 618K, committed 640K, reserved 1048576K
Event: 12.997 GC heap after
Heap after GC invocations=16 (full 0):
 PSYoungGen      total 61440K, used 5328K [0x00000000eab00000, 0x00000000eef00000, 0x0000000100000000)
  eden space 54784K, 0% used [0x00000000eab00000,0x00000000eab00000,0x00000000ee080000)
  from space 6656K, 80% used [0x00000000ee780000,0x00000000eecb4338,0x00000000eee00000)
  to   space 7168K, 0% used [0x00000000ee080000,0x00000000ee080000,0x00000000ee780000)
 ParOldGen       total 129536K, used 21392K [0x00000000c0000000, 0x00000000c7e80000, 0x00000000eab00000)
  object space 129536K, 16% used [0x00000000c0000000,0x00000000c14e43a8,0x00000000c7e80000)
 Metaspace       used 5945K, capacity 6962K, committed 7040K, reserved 1056768K
  class space    used 605K, capacity 618K, committed 640K, reserved 1048576K
}
Event: 13.555 GC heap before
{Heap before GC invocations=17 (full 0):
 PSYoungGen      total 61440K, used 60112K [0x00000000eab00000, 0x00000000eef00000, 0x0000000100000000)
  eden space 54784K, 100% used [0x00000000eab00000,0x00000000ee080000,0x00000000ee080000)
  from space 6656K, 80% used [0x00000000ee780000,0x00000000eecb4338,0x00000000eee00000)
  to   space 7168K, 0% used [0x00000000ee080000,0x00000000ee080000,0x00000000ee780000)
 ParOldGen       total 129536K, used 21392K [0x00000000c0000000, 0x00000000c7e80000, 0x00000000eab00000)
  object space 129536K, 16% used [0x00000000c0000000,0x00000000c14e43a8,0x00000000c7e80000)
 Metaspace       used 5981K, capacity 7026K, committed 7296K, reserved 1056768K
  class space    used 605K, capacity 618K, committed 640K, reserved 1048576K
Event: 13.693 GC heap after
Heap after GC invocations=17 (full 0):
 PSYoungGen      total 61952K, used 7151K [0x00000000eab00000, 0x00000000eef00000, 0x0000000100000000)
  eden space 54784K, 0% used [0x00000000eab00000,0x00000000eab00000,0x00000000ee080000)
  from space 7168K, 99% used [0x00000000ee080000,0x00000000ee77bca0,0x00000000ee780000)
  to   space 6656K, 0% used [0x00000000ee780000,0x00000000ee780000,0x00000000eee00000)
 ParOldGen       total 129536K, used 27850K [0x00000000c0000000, 0x00000000c7e80000, 0x00000000eab00000)
  object space 129536K, 21% used [0x00000000c0000000,0x00000000c1b32b18,0x00000000c7e80000)
 Metaspace       used 5981K, capacity 7026K, committed 7296K, reserved 1056768K
  class space    used 605K, capacity 618K, committed 640K, reserved 1048576K
}

