# JRE version: Java(TM) SE Runtime Environment (8.0_05-b13) (build 1.8.0_05-b13)
# Java VM: Java HotSpot(TM) 64-Bit Server VM (25.5-b02 mixed mode windows-amd64 compressed oops)
Heap:
 PSYoungGen      total 111104K, used 21436K [0x00000000eab00000, 0x00000000f2700000, 0x0000000100000000)
  eden space 98304K, 11% used [0x00000000eab00000,0x00000000eb63f2e8,0x00000000f0b00000)
  from space 12800K, 77% used [0x00000000f1880000,0x00000000f2230000,0x00000000f2500000)
  to   space 13824K, 0% used [0x00000000f0b00000,0x00000000f0b00000,0x00000000f1880000)
 ParOldGen       total 129536K, used 49875K [0x00000000c0000000, 0x00000000c7e80000, 0x00000000eab00000)
  object space 129536K, 38% used [0x00000000c0000000,0x00000000c30b4d58,0x00000000c7e80000)
 Metaspace       used 6107K, capacity 7064K, committed 7424K, reserved 1056768K
  class space    used 607K, capacity 656K, committed 768K, reserved 1048576K
GC Heap History (10 events):
Event: 10.476 GC heap before
{Heap before GC invocations=16 (full 0):
 PSYoungGen      total 36352K, used 36320K [0x00000000eab00000, 0x00000000ee980000, 0x0000000100000000)
  eden space 32256K, 100% used [0x00000000eab00000,0x00000000eca80000,0x00000000eca80000)
  from space 4096K, 99% used [0x00000000eca80000,0x00000000ece78010,0x00000000ece80000)
  to   space 6144K, 0% used [0x00000000ee380000,0x00000000ee380000,0x00000000ee980000)
 ParOldGen       total 129536K, used 16328K [0x00000000c0000000, 0x00000000c7e80000, 0x00000000eab00000)
  object space 129536K, 12% used [0x00000000c0000000,0x00000000c0ff2298,0x00000000c7e80000)
 Metaspace       used 5882K, capacity 6960K, committed 7040K, reserved 1056768K
  class space    used 580K, capacity 616K, committed 640K, reserved 1048576K
Event: 10.560 GC heap after
Heap after GC invocations=16 (full 0):
 PSYoungGen      total 57344K, used 4736K [0x00000000eab00000, 0x00000000eea80000, 0x0000000100000000)
  eden space 51200K, 0% used [0x00000000eab00000,0x00000000eab00000,0x00000000edd00000)
  from space 6144K, 77% used [0x00000000ee380000,0x00000000ee820000,0x00000000ee980000)
  to   space 6656K, 0% used [0x00000000edd00000,0x00000000edd00000,0x00000000ee380000)
 ParOldGen       total 129536K, used 20244K [0x00000000c0000000, 0x00000000c7e80000, 0x00000000eab00000)
  object space 129536K, 15% used [0x00000000c0000000,0x00000000c13c5108,0x00000000c7e80000)
 Metaspace       used 5882K, capacity 6960K, committed 7040K, reserved 1056768K
  class space    used 580K, capacity 616K, committed 640K, reserved 1048576K
}
Event: 11.328 GC heap before
{Heap before GC invocations=17 (full 0):
 PSYoungGen      total 57344K, used 55936K [0x00000000eab00000, 0x00000000eea80000, 0x0000000100000000)
  eden space 51200K, 100% used [0x00000000eab00000,0x00000000edd00000,0x00000000edd00000)
  from space 6144K, 77% used [0x00000000ee380000,0x00000000ee820000,0x00000000ee980000)
  to   space 6656K, 0% used [0x00000000edd00000,0x00000000edd00000,0x00000000ee380000)
 ParOldGen       total 129536K, used 20244K [0x00000000c0000000, 0x00000000c7e80000, 0x00000000eab00000)
  object space 129536K, 15% used [0x00000000c0000000,0x00000000c13c5108,0x00000000c7e80000)
 Metaspace       used 5985K, capacity 6962K, committed 7040K, reserved 1056768K
  class space    used 599K, capacity 618K, committed 640K, reserved 1048576K
Event: 11.448 GC heap after
Heap after GC invocations=17 (full 0):
 PSYoungGen      total 57856K, used 6656K [0x00000000eab00000, 0x00000000f0400000, 0x0000000100000000)
  eden space 51200K, 0% used [0x00000000eab00000,0x00000000eab00000,0x00000000edd00000)
  from space 6656K, 100% used [0x00000000edd00000,0x00000000ee380000,0x00000000ee380000)
  to   space 9728K, 0% used [0x00000000efa80000,0x00000000efa80000,0x00000000f0400000)
 ParOldGen       total 129536K, used 25494K [0x00000000c0000000, 0x00000000c7e80000, 0x00000000eab00000)
  object space 129536K, 19% used [0x00000000c0000000,0x00000000c18e5918,0x00000000c7e80000)
 Metaspace       used 5985K, capacity 6962K, committed 7040K, reserved 1056768K
  class space    used 599K, capacity 618K, committed 640K, reserved 1048576K
}
Event: 12.482 GC heap before
{Heap before GC invocations=18 (full 0):
 PSYoungGen      total 57856K, used 57856K [0x00000000eab00000, 0x00000000f0400000, 0x0000000100000000)
  eden space 51200K, 100% used [0x00000000eab00000,0x00000000edd00000,0x00000000edd00000)
  from space 6656K, 100% used [0x00000000edd00000,0x00000000ee380000,0x00000000ee380000)
  to   space 9728K, 0% used [0x00000000efa80000,0x00000000efa80000,0x00000000f0400000)
 ParOldGen       total 129536K, used 25494K [0x00000000c0000000, 0x00000000c7e80000, 0x00000000eab00000)
  object space 129536K, 19% used [0x00000000c0000000,0x00000000c18e5918,0x00000000c7e80000)
 Metaspace       used 6005K, capacity 7026K, committed 7296K, reserved 1056768K
  class space    used 599K, capacity 618K, committed 640K, reserved 1048576K
Event: 12.698 GC heap after
Heap after GC invocations=18 (full 0):
 PSYoungGen      total 80384K, used 8369K [0x00000000eab00000, 0x00000000f0600000, 0x0000000100000000)
  eden space 70656K, 0% used [0x00000000eab00000,0x00000000eab00000,0x00000000ef000000)
  from space 9728K, 86% used [0x00000000efa80000,0x00000000f02ac500,0x00000000f0400000)
  to   space 10752K, 0% used [0x00000000ef000000,0x00000000ef000000,0x00000000efa80000)
 ParOldGen       total 129536K, used 31988K [0x00000000c0000000, 0x00000000c7e80000, 0x00000000eab00000)
  object space 129536K, 24% used [0x00000000c0000000,0x00000000c1f3d170,0x00000000c7e80000)
 Metaspace       used 6005K, capacity 7026K, committed 7296K, reserved 1056768K
  class space    used 599K, capacity 618K, committed 640K, reserved 1048576K
}
Event: 14.148 GC heap before
{Heap before GC invocations=19 (full 0):
 PSYoungGen      total 80384K, used 79025K [0x00000000eab00000, 0x00000000f0600000, 0x0000000100000000)
  eden space 70656K, 100% used [0x00000000eab00000,0x00000000ef000000,0x00000000ef000000)
  from space 9728K, 86% used [0x00000000efa80000,0x00000000f02ac500,0x00000000f0400000)
  to   space 10752K, 0% used [0x00000000ef000000,0x00000000ef000000,0x00000000efa80000)
 ParOldGen       total 129536K, used 31988K [0x00000000c0000000, 0x00000000c7e80000, 0x00000000eab00000)
  object space 129536K, 24% used [0x00000000c0000000,0x00000000c1f3d170,0x00000000c7e80000)
 Metaspace       used 6010K, capacity 7026K, committed 7296K, reserved 1056768K
  class space    used 599K, capacity 618K, committed 640K, reserved 1048576K
Event: 14.601 GC heap after
Heap after GC invocations=19 (full 0):
 PSYoungGen      total 81408K, used 10432K [0x00000000eab00000, 0x00000000f2500000, 0x0000000100000000)
  eden space 70656K, 0% used [0x00000000eab00000,0x00000000eab00000,0x00000000ef000000)
  from space 10752K, 97% used [0x00000000ef000000,0x00000000efa30000,0x00000000efa80000)
  to   space 12800K, 0% used [0x00000000f1880000,0x00000000f1880000,0x00000000f2500000)
 ParOldGen       total 129536K, used 39884K [0x00000000c0000000, 0x00000000c7e80000, 0x00000000eab00000)
  object space 129536K, 30% used [0x00000000c0000000,0x00000000c26f3158,0x00000000c7e80000)
 Metaspace       used 6010K, capacity 7026K, committed 7296K, reserved 1056768K
  class space    used 599K, capacity 618K, committed 640K, reserved 1048576K
}
Event: 17.479 GC heap before
{Heap before GC invocations=20 (full 0):
 PSYoungGen      total 81408K, used 81088K [0x00000000eab00000, 0x00000000f2500000, 0x0000000100000000)
  eden space 70656K, 100% used [0x00000000eab00000,0x00000000ef000000,0x00000000ef000000)
  from space 10752K, 97% used [0x00000000ef000000,0x00000000efa30000,0x00000000efa80000)
  to   space 12800K, 0% used [0x00000000f1880000,0x00000000f1880000,0x00000000f2500000)
 ParOldGen       total 129536K, used 39884K [0x00000000c0000000, 0x00000000c7e80000, 0x00000000eab00000)
  object space 129536K, 30% used [0x00000000c0000000,0x00000000c26f3158,0x00000000c7e80000)
 Metaspace       used 6012K, capacity 7026K, committed 7296K, reserved 1056768K
  class space    used 599K, capacity 618K, committed 640K, reserved 1048576K
Event: 18.220 GC heap after
Heap after GC invocations=20 (full 0):
 PSYoungGen      total 111104K, used 9920K [0x00000000eab00000, 0x00000000f2700000, 0x0000000100000000)
  eden space 98304K, 0% used [0x00000000eab00000,0x00000000eab00000,0x00000000f0b00000)
  from space 12800K, 77% used [0x00000000f1880000,0x00000000f2230000,0x00000000f2500000)
  to   space 13824K, 0% used [0x00000000f0b00000,0x00000000f0b00000,0x00000000f1880000)
 ParOldGen       total 129536K, used 49875K [0x00000000c0000000, 0x00000000c7e80000, 0x00000000eab00000)
  object space 129536K, 38% used [0x00000000c0000000,0x00000000c30b4d58,0x00000000c7e80000)
 Metaspace       used 6012K, capacity 7026K, committed 7296K, reserved 1056768K
  class space    used 599K, capacity 618K, committed 640K, reserved 1048576K
}

