# JRE version: Java(TM) SE Runtime Environment (8.0_05-b13) (build 1.8.0_05-b13)
# Java VM: Java HotSpot(TM) 64-Bit Server VM (25.5-b02 mixed mode windows-amd64 compressed oops)
Heap:
 PSYoungGen      total 133120K, used 5379K [0x00000000eab00000, 0x00000000f6180000, 0x0000000100000000)
  eden space 83456K, 5% used [0x00000000eab00000,0x00000000eaf1cc40,0x00000000efc80000)
  from space 49664K, 2% used [0x00000000efc80000,0x00000000efda4240,0x00000000f2d00000)
  to   space 46592K, 0% used [0x00000000f3400000,0x00000000f3400000,0x00000000f6180000)
 ParOldGen       total 249344K, used 205571K [0x00000000c0000000, 0x00000000cf380000, 0x00000000eab00000)
  object space 249344K, 82% used [0x00000000c0000000,0x00000000cc8c0c28,0x00000000cf380000)
 Metaspace       used 6153K, capacity 7064K, committed 7424K, reserved 1056768K
  class space    used 616K, capacity 656K, committed 768K, reserved 1048576K
GC Heap History (10 events):
Event: 25.782 GC heap before
{Heap before GC invocations=28 (full 1):
 PSYoungGen      total 109568K, used 73324K [0x00000000eab00000, 0x00000000f4380000, 0x0000000100000000)
  eden space 72192K, 100% used [0x00000000eab00000,0x00000000ef180000,0x00000000ef180000)
  from space 37376K, 3% used [0x00000000f1900000,0x00000000f1a1b058,0x00000000f3d80000)
  to   space 40448K, 0% used [0x00000000ef180000,0x00000000ef180000,0x00000000f1900000)
 ParOldGen       total 158208K, used 129306K [0x00000000c0000000, 0x00000000c9a80000, 0x00000000eab00000)
  object space 158208K, 81% used [0x00000000c0000000,0x00000000c7e46a90,0x00000000c9a80000)
 Metaspace       used 6150K, capacity 7064K, committed 7424K, reserved 1056768K
  class space    used 615K, capacity 656K, committed 768K, reserved 1048576K
Event: 26.251 GC heap after
Heap after GC invocations=28 (full 1):
 PSYoungGen      total 112640K, used 36176K [0x00000000eab00000, 0x00000000f5a00000, 0x0000000100000000)
  eden space 72192K, 0% used [0x00000000eab00000,0x00000000eab00000,0x00000000ef180000)
  from space 40448K, 89% used [0x00000000ef180000,0x00000000f14d4178,0x00000000f1900000)
  to   space 46080K, 0% used [0x00000000f2d00000,0x00000000f2d00000,0x00000000f5a00000)
 ParOldGen       total 158208K, used 130506K [0x00000000c0000000, 0x00000000c9a80000, 0x00000000eab00000)
  object space 158208K, 82% used [0x00000000c0000000,0x00000000c7f72a90,0x00000000c9a80000)
 Metaspace       used 6150K, capacity 7064K, committed 7424K, reserved 1056768K
  class space    used 615K, capacity 656K, committed 768K, reserved 1048576K
}
Event: 26.891 GC heap before
{Heap before GC invocations=29 (full 1):
 PSYoungGen      total 112640K, used 108368K [0x00000000eab00000, 0x00000000f5a00000, 0x0000000100000000)
  eden space 72192K, 100% used [0x00000000eab00000,0x00000000ef180000,0x00000000ef180000)
  from space 40448K, 89% used [0x00000000ef180000,0x00000000f14d4178,0x00000000f1900000)
  to   space 46080K, 0% used [0x00000000f2d00000,0x00000000f2d00000,0x00000000f5a00000)
 ParOldGen       total 158208K, used 130506K [0x00000000c0000000, 0x00000000c9a80000, 0x00000000eab00000)
  object space 158208K, 82% used [0x00000000c0000000,0x00000000c7f72a90,0x00000000c9a80000)
 Metaspace       used 6152K, capacity 7064K, committed 7424K, reserved 1056768K
  class space    used 616K, capacity 656K, committed 768K, reserved 1048576K
Event: 27.414 GC heap after
Heap after GC invocations=29 (full 1):
 PSYoungGen      total 129536K, used 33547K [0x00000000eab00000, 0x00000000f6180000, 0x0000000100000000)
  eden space 83456K, 0% used [0x00000000eab00000,0x00000000eab00000,0x00000000efc80000)
  from space 46080K, 72% used [0x00000000f2d00000,0x00000000f4dc2e80,0x00000000f5a00000)
  to   space 49664K, 0% used [0x00000000efc80000,0x00000000efc80000,0x00000000f2d00000)
 ParOldGen       total 167936K, used 167464K [0x00000000c0000000, 0x00000000ca400000, 0x00000000eab00000)
  object space 167936K, 99% used [0x00000000c0000000,0x00000000ca38a188,0x00000000ca400000)
 Metaspace       used 6152K, capacity 7064K, committed 7424K, reserved 1056768K
  class space    used 616K, capacity 656K, committed 768K, reserved 1048576K
}
Event: 27.414 GC heap before
{Heap before GC invocations=30 (full 2):
 PSYoungGen      total 129536K, used 33547K [0x00000000eab00000, 0x00000000f6180000, 0x0000000100000000)
  eden space 83456K, 0% used [0x00000000eab00000,0x00000000eab00000,0x00000000efc80000)
  from space 46080K, 72% used [0x00000000f2d00000,0x00000000f4dc2e80,0x00000000f5a00000)
  to   space 49664K, 0% used [0x00000000efc80000,0x00000000efc80000,0x00000000f2d00000)
 ParOldGen       total 167936K, used 167464K [0x00000000c0000000, 0x00000000ca400000, 0x00000000eab00000)
  object space 167936K, 99% used [0x00000000c0000000,0x00000000ca38a188,0x00000000ca400000)
 Metaspace       used 6152K, capacity 7064K, committed 7424K, reserved 1056768K
  class space    used 616K, capacity 656K, committed 768K, reserved 1048576K
Event: 31.734 GC heap after
Heap after GC invocations=30 (full 2):
 PSYoungGen      total 129536K, used 28189K [0x00000000eab00000, 0x00000000f6180000, 0x0000000100000000)
  eden space 83456K, 0% used [0x00000000eab00000,0x00000000eab00000,0x00000000efc80000)
  from space 46080K, 61% used [0x00000000f2d00000,0x00000000f4887530,0x00000000f5a00000)
  to   space 49664K, 0% used [0x00000000efc80000,0x00000000efc80000,0x00000000f2d00000)
 ParOldGen       total 205824K, used 167693K [0x00000000c0000000, 0x00000000cc900000, 0x00000000eab00000)
  object space 205824K, 81% used [0x00000000c0000000,0x00000000ca3c3700,0x00000000cc900000)
 Metaspace       used 6152K, capacity 7064K, committed 7424K, reserved 1056768K
  class space    used 616K, capacity 656K, committed 768K, reserved 1048576K
}
Event: 33.768 GC heap before
{Heap before GC invocations=31 (full 2):
 PSYoungGen      total 129536K, used 111645K [0x00000000eab00000, 0x00000000f6180000, 0x0000000100000000)
  eden space 83456K, 100% used [0x00000000eab00000,0x00000000efc80000,0x00000000efc80000)
  from space 46080K, 61% used [0x00000000f2d00000,0x00000000f4887530,0x00000000f5a00000)
  to   space 49664K, 0% used [0x00000000efc80000,0x00000000efc80000,0x00000000f2d00000)
 ParOldGen       total 205824K, used 167693K [0x00000000c0000000, 0x00000000cc900000, 0x00000000eab00000)
  object space 205824K, 81% used [0x00000000c0000000,0x00000000ca3c3700,0x00000000cc900000)
 Metaspace       used 6153K, capacity 7064K, committed 7424K, reserved 1056768K
  class space    used 616K, capacity 656K, committed 768K, reserved 1048576K
Event: 34.289 GC heap after
Heap after GC invocations=31 (full 2):
 PSYoungGen      total 133120K, used 15908K [0x00000000eab00000, 0x00000000f6180000, 0x0000000100000000)
  eden space 83456K, 0% used [0x00000000eab00000,0x00000000eab00000,0x00000000efc80000)
  from space 49664K, 32% used [0x00000000efc80000,0x00000000f0c090c0,0x00000000f2d00000)
  to   space 46592K, 0% used [0x00000000f3400000,0x00000000f3400000,0x00000000f6180000)
 ParOldGen       total 205824K, used 197413K [0x00000000c0000000, 0x00000000cc900000, 0x00000000eab00000)
  object space 205824K, 95% used [0x00000000c0000000,0x00000000cc0c9700,0x00000000cc900000)
 Metaspace       used 6153K, capacity 7064K, committed 7424K, reserved 1056768K
  class space    used 616K, capacity 656K, committed 768K, reserved 1048576K
}
Event: 34.289 GC heap before
{Heap before GC invocations=32 (full 3):
 PSYoungGen      total 133120K, used 15908K [0x00000000eab00000, 0x00000000f6180000, 0x0000000100000000)
  eden space 83456K, 0% used [0x00000000eab00000,0x00000000eab00000,0x00000000efc80000)
  from space 49664K, 32% used [0x00000000efc80000,0x00000000f0c090c0,0x00000000f2d00000)
  to   space 46592K, 0% used [0x00000000f3400000,0x00000000f3400000,0x00000000f6180000)
 ParOldGen       total 205824K, used 197413K [0x00000000c0000000, 0x00000000cc900000, 0x00000000eab00000)
  object space 205824K, 95% used [0x00000000c0000000,0x00000000cc0c9700,0x00000000cc900000)
 Metaspace       used 6153K, capacity 7064K, committed 7424K, reserved 1056768K
  class space    used 616K, capacity 656K, committed 768K, reserved 1048576K
Event: 41.817 GC heap after
Heap after GC invocations=32 (full 3):
 PSYoungGen      total 133120K, used 1168K [0x00000000eab00000, 0x00000000f6180000, 0x0000000100000000)
  eden space 83456K, 0% used [0x00000000eab00000,0x00000000eab00000,0x00000000efc80000)
  from space 49664K, 2% used [0x00000000efc80000,0x00000000efda4240,0x00000000f2d00000)
  to   space 46592K, 0% used [0x00000000f3400000,0x00000000f3400000,0x00000000f6180000)
 ParOldGen       total 249344K, used 205571K [0x00000000c0000000, 0x00000000cf380000, 0x00000000eab00000)
  object space 249344K, 82% used [0x00000000c0000000,0x00000000cc8c0c28,0x00000000cf380000)
 Metaspace       used 6153K, capacity 7064K, committed 7424K, reserved 1056768K
  class space    used 616K, capacity 656K, committed 768K, reserved 1048576K
}

