# JRE version: Java(TM) SE Runtime Environment (8.0_05-b13) (build 1.8.0_05-b13)
# Java VM: Java HotSpot(TM) 64-Bit Server VM (25.5-b02 mixed mode windows-amd64 compressed oops)
Heap:
 PSYoungGen      total 192512K, used 53008K [0x00000000eab00000, 0x00000000fd480000, 0x0000000100000000)
  eden space 97792K, 8% used [0x00000000eab00000,0x00000000eb365988,0x00000000f0a80000)
  from space 94720K, 46% used [0x00000000f6d00000,0x00000000f985e8e8,0x00000000fc980000)
  to   space 100864K, 0% used [0x00000000f0a80000,0x00000000f0a80000,0x00000000f6d00000)
 ParOldGen       total 180224K, used 180062K [0x00000000c0000000, 0x00000000cb000000, 0x00000000eab00000)
  object space 180224K, 99% used [0x00000000c0000000,0x00000000cafd7900,0x00000000cb000000)
 Metaspace       used 5992K, capacity 6962K, committed 7040K, reserved 1056768K
  class space    used 600K, capacity 618K, committed 640K, reserved 1048576K
GC Heap History (10 events):
Event: 42.452 GC heap before
{Heap before GC invocations=31 (full 3):
 PSYoungGen      total 157696K, used 99328K [0x00000000eab00000, 0x00000000f7e80000, 0x0000000100000000)
  eden space 99328K, 100% used [0x00000000eab00000,0x00000000f0c00000,0x00000000f0c00000)
  from space 58368K, 0% used [0x00000000f0c00000,0x00000000f0c00000,0x00000000f4500000)
  to   space 56320K, 0% used [0x00000000f4780000,0x00000000f4780000,0x00000000f7e80000)
 ParOldGen       total 117760K, used 74028K [0x00000000c0000000, 0x00000000c7300000, 0x00000000eab00000)
  object space 117760K, 62% used [0x00000000c0000000,0x00000000c484b3b0,0x00000000c7300000)
 Metaspace       used 5992K, capacity 6962K, committed 7040K, reserved 1056768K
  class space    used 600K, capacity 618K, committed 640K, reserved 1048576K
Event: 42.790 GC heap after
Heap after GC invocations=31 (full 3):
 PSYoungGen      total 151040K, used 54727K [0x00000000eab00000, 0x00000000f9000000, 0x0000000100000000)
  eden space 94720K, 0% used [0x00000000eab00000,0x00000000eab00000,0x00000000f0780000)
  from space 56320K, 97% used [0x00000000f4780000,0x00000000f7cf1da0,0x00000000f7e80000)
  to   space 65536K, 0% used [0x00000000f0780000,0x00000000f0780000,0x00000000f4780000)
 ParOldGen       total 117760K, used 74036K [0x00000000c0000000, 0x00000000c7300000, 0x00000000eab00000)
  object space 117760K, 62% used [0x00000000c0000000,0x00000000c484d3b0,0x00000000c7300000)
 Metaspace       used 5992K, capacity 6962K, committed 7040K, reserved 1056768K
  class space    used 600K, capacity 618K, committed 640K, reserved 1048576K
}
Event: 43.068 GC heap before
{Heap before GC invocations=32 (full 3):
 PSYoungGen      total 151040K, used 149447K [0x00000000eab00000, 0x00000000f9000000, 0x0000000100000000)
  eden space 94720K, 100% used [0x00000000eab00000,0x00000000f0780000,0x00000000f0780000)
  from space 56320K, 97% used [0x00000000f4780000,0x00000000f7cf1da0,0x00000000f7e80000)
  to   space 65536K, 0% used [0x00000000f0780000,0x00000000f0780000,0x00000000f4780000)
 ParOldGen       total 117760K, used 74036K [0x00000000c0000000, 0x00000000c7300000, 0x00000000eab00000)
  object space 117760K, 62% used [0x00000000c0000000,0x00000000c484d3b0,0x00000000c7300000)
 Metaspace       used 5992K, capacity 6962K, committed 7040K, reserved 1056768K
  class space    used 600K, capacity 618K, committed 640K, reserved 1048576K
Event: 43.640 GC heap after
Heap after GC invocations=32 (full 3):
 PSYoungGen      total 160256K, used 65522K [0x00000000eab00000, 0x00000000fc980000, 0x0000000100000000)
  eden space 94720K, 0% used [0x00000000eab00000,0x00000000eab00000,0x00000000f0780000)
  from space 65536K, 99% used [0x00000000f0780000,0x00000000f477ca00,0x00000000f4780000)
  to   space 94720K, 0% used [0x00000000f6d00000,0x00000000f6d00000,0x00000000fc980000)
 ParOldGen       total 123904K, used 122980K [0x00000000c0000000, 0x00000000c7900000, 0x00000000eab00000)
  object space 123904K, 99% used [0x00000000c0000000,0x00000000c78193b0,0x00000000c7900000)
 Metaspace       used 5992K, capacity 6962K, committed 7040K, reserved 1056768K
  class space    used 600K, capacity 618K, committed 640K, reserved 1048576K
}
Event: 43.640 GC heap before
{Heap before GC invocations=33 (full 4):
 PSYoungGen      total 160256K, used 65522K [0x00000000eab00000, 0x00000000fc980000, 0x0000000100000000)
  eden space 94720K, 0% used [0x00000000eab00000,0x00000000eab00000,0x00000000f0780000)
  from space 65536K, 99% used [0x00000000f0780000,0x00000000f477ca00,0x00000000f4780000)
  to   space 94720K, 0% used [0x00000000f6d00000,0x00000000f6d00000,0x00000000fc980000)
 ParOldGen       total 123904K, used 122980K [0x00000000c0000000, 0x00000000c7900000, 0x00000000eab00000)
  object space 123904K, 99% used [0x00000000c0000000,0x00000000c78193b0,0x00000000c7900000)
 Metaspace       used 5992K, capacity 6962K, committed 7040K, reserved 1056768K
  class space    used 600K, capacity 618K, committed 640K, reserved 1048576K
Event: 51.145 GC heap after
Heap after GC invocations=33 (full 4):
 PSYoungGen      total 160256K, used 57662K [0x00000000eab00000, 0x00000000fc980000, 0x0000000100000000)
  eden space 94720K, 0% used [0x00000000eab00000,0x00000000eab00000,0x00000000f0780000)
  from space 65536K, 87% used [0x00000000f0780000,0x00000000f3fcfa08,0x00000000f4780000)
  to   space 94720K, 0% used [0x00000000f6d00000,0x00000000f6d00000,0x00000000fc980000)
 ParOldGen       total 180224K, used 123793K [0x00000000c0000000, 0x00000000cb000000, 0x00000000eab00000)
  object space 180224K, 68% used [0x00000000c0000000,0x00000000c78e4400,0x00000000cb000000)
 Metaspace       used 5992K, capacity 6962K, committed 7040K, reserved 1056768K
  class space    used 600K, capacity 618K, committed 640K, reserved 1048576K
}
Event: 51.339 GC heap before
{Heap before GC invocations=34 (full 4):
 PSYoungGen      total 160256K, used 152382K [0x00000000eab00000, 0x00000000fc980000, 0x0000000100000000)
  eden space 94720K, 100% used [0x00000000eab00000,0x00000000f0780000,0x00000000f0780000)
  from space 65536K, 87% used [0x00000000f0780000,0x00000000f3fcfa08,0x00000000f4780000)
  to   space 94720K, 0% used [0x00000000f6d00000,0x00000000f6d00000,0x00000000fc980000)
 ParOldGen       total 180224K, used 123793K [0x00000000c0000000, 0x00000000cb000000, 0x00000000eab00000)
  object space 180224K, 68% used [0x00000000c0000000,0x00000000c78e4400,0x00000000cb000000)
 Metaspace       used 5992K, capacity 6962K, committed 7040K, reserved 1056768K
  class space    used 600K, capacity 618K, committed 640K, reserved 1048576K
Event: 52.418 GC heap after
Heap after GC invocations=34 (full 4):
 PSYoungGen      total 192512K, used 66643K [0x00000000eab00000, 0x00000000fd480000, 0x0000000100000000)
  eden space 97792K, 0% used [0x00000000eab00000,0x00000000eab00000,0x00000000f0a80000)
  from space 94720K, 70% used [0x00000000f6d00000,0x00000000fae14e48,0x00000000fc980000)
  to   space 100864K, 0% used [0x00000000f0a80000,0x00000000f0a80000,0x00000000f6d00000)
 ParOldGen       total 180224K, used 162984K [0x00000000c0000000, 0x00000000cb000000, 0x00000000eab00000)
  object space 180224K, 90% used [0x00000000c0000000,0x00000000c9f2a0f8,0x00000000cb000000)
 Metaspace       used 5992K, capacity 6962K, committed 7040K, reserved 1056768K
  class space    used 600K, capacity 618K, committed 640K, reserved 1048576K
}
Event: 52.418 GC heap before
{Heap before GC invocations=35 (full 5):
 PSYoungGen      total 192512K, used 66643K [0x00000000eab00000, 0x00000000fd480000, 0x0000000100000000)
  eden space 97792K, 0% used [0x00000000eab00000,0x00000000eab00000,0x00000000f0a80000)
  from space 94720K, 70% used [0x00000000f6d00000,0x00000000fae14e48,0x00000000fc980000)
  to   space 100864K, 0% used [0x00000000f0a80000,0x00000000f0a80000,0x00000000f6d00000)
 ParOldGen       total 180224K, used 162984K [0x00000000c0000000, 0x00000000cb000000, 0x00000000eab00000)
  object space 180224K, 90% used [0x00000000c0000000,0x00000000c9f2a0f8,0x00000000cb000000)
 Metaspace       used 5992K, capacity 6962K, committed 7040K, reserved 1056768K
  class space    used 600K, capacity 618K, committed 640K, reserved 1048576K
Event: 55.815 GC heap after
Heap after GC invocations=35 (full 5):
 PSYoungGen      total 192512K, used 44410K [0x00000000eab00000, 0x00000000fd480000, 0x0000000100000000)
  eden space 97792K, 0% used [0x00000000eab00000,0x00000000eab00000,0x00000000f0a80000)
  from space 94720K, 46% used [0x00000000f6d00000,0x00000000f985e8e8,0x00000000fc980000)
  to   space 100864K, 0% used [0x00000000f0a80000,0x00000000f0a80000,0x00000000f6d00000)
 ParOldGen       total 180224K, used 180062K [0x00000000c0000000, 0x00000000cb000000, 0x00000000eab00000)
  object space 180224K, 99% used [0x00000000c0000000,0x00000000cafd7900,0x00000000cb000000)
 Metaspace       used 5992K, capacity 6962K, committed 7040K, reserved 1056768K
  class space    used 600K, capacity 618K, committed 640K, reserved 1048576K
}

