# JRE version: Java(TM) SE Runtime Environment (8.0_05-b13) (build 1.8.0_05-b13)
# Java VM: Java HotSpot(TM) 64-Bit Server VM (25.5-b02 mixed mode windows-amd64 compressed oops)
Heap:
 PSYoungGen      total 90624K, used 65822K [0x00000000eab00000, 0x00000000f6e80000, 0x0000000100000000)
  eden space 63488K, 80% used [0x00000000eab00000,0x00000000edcd9308,0x00000000ee900000)
  from space 27136K, 54% used [0x00000000f2000000,0x00000000f2e6e610,0x00000000f3a80000)
  to   space 56320K, 0% used [0x00000000ee900000,0x00000000ee900000,0x00000000f2000000)
 ParOldGen       total 148992K, used 115981K [0x00000000c0000000, 0x00000000c9180000, 0x00000000eab00000)
  object space 148992K, 77% used [0x00000000c0000000,0x00000000c71434f0,0x00000000c9180000)
 Metaspace       used 5980K, capacity 6962K, committed 7040K, reserved 1056768K
  class space    used 600K, capacity 618K, committed 640K, reserved 1048576K
GC Heap History (10 events):
Event: 20.293 GC heap before
{Heap before GC invocations=27 (full 1):
 PSYoungGen      total 101888K, used 63488K [0x00000000eab00000, 0x00000000f4400000, 0x0000000100000000)
  eden space 63488K, 100% used [0x00000000eab00000,0x00000000ee900000,0x00000000ee900000)
  from space 38400K, 0% used [0x00000000ee900000,0x00000000ee900000,0x00000000f0e80000)
  to   space 36864K, 0% used [0x00000000f2000000,0x00000000f2000000,0x00000000f4400000)
 ParOldGen       total 146432K, used 117793K [0x00000000c0000000, 0x00000000c8f00000, 0x00000000eab00000)
  object space 146432K, 80% used [0x00000000c0000000,0x00000000c73085a8,0x00000000c8f00000)
 Metaspace       used 5972K, capacity 6962K, committed 7040K, reserved 1056768K
  class space    used 600K, capacity 618K, committed 640K, reserved 1048576K
Event: 20.449 GC heap after
Heap after GC invocations=27 (full 1):
 PSYoungGen      total 102400K, used 16375K [0x00000000eab00000, 0x00000000f3a80000, 0x0000000100000000)
  eden space 75264K, 0% used [0x00000000eab00000,0x00000000eab00000,0x00000000ef480000)
  from space 27136K, 60% used [0x00000000f2000000,0x00000000f2ffdd50,0x00000000f3a80000)
  to   space 35840K, 0% used [0x00000000ef480000,0x00000000ef480000,0x00000000f1780000)
 ParOldGen       total 146432K, used 117793K [0x00000000c0000000, 0x00000000c8f00000, 0x00000000eab00000)
  object space 146432K, 80% used [0x00000000c0000000,0x00000000c73085a8,0x00000000c8f00000)
 Metaspace       used 5972K, capacity 6962K, committed 7040K, reserved 1056768K
  class space    used 600K, capacity 618K, committed 640K, reserved 1048576K
}
Event: 23.088 GC heap before
{Heap before GC invocations=28 (full 1):
 PSYoungGen      total 102400K, used 91639K [0x00000000eab00000, 0x00000000f3a80000, 0x0000000100000000)
  eden space 75264K, 100% used [0x00000000eab00000,0x00000000ef480000,0x00000000ef480000)
  from space 27136K, 60% used [0x00000000f2000000,0x00000000f2ffdd50,0x00000000f3a80000)
  to   space 35840K, 0% used [0x00000000ef480000,0x00000000ef480000,0x00000000f1780000)
 ParOldGen       total 146432K, used 117793K [0x00000000c0000000, 0x00000000c8f00000, 0x00000000eab00000)
  object space 146432K, 80% used [0x00000000c0000000,0x00000000c73085a8,0x00000000c8f00000)
 Metaspace       used 5980K, capacity 6962K, committed 7040K, reserved 1056768K
  class space    used 600K, capacity 618K, committed 640K, reserved 1048576K
Event: 23.490 GC heap after
Heap after GC invocations=28 (full 1):
 PSYoungGen      total 111104K, used 35813K [0x00000000eab00000, 0x00000000f3a80000, 0x0000000100000000)
  eden space 75264K, 0% used [0x00000000eab00000,0x00000000eab00000,0x00000000ef480000)
  from space 35840K, 99% used [0x00000000ef480000,0x00000000f1779648,0x00000000f1780000)
  to   space 27136K, 0% used [0x00000000f2000000,0x00000000f2000000,0x00000000f3a80000)
 ParOldGen       total 146432K, used 134378K [0x00000000c0000000, 0x00000000c8f00000, 0x00000000eab00000)
  object space 146432K, 91% used [0x00000000c0000000,0x00000000c833a9b0,0x00000000c8f00000)
 Metaspace       used 5980K, capacity 6962K, committed 7040K, reserved 1056768K
  class space    used 600K, capacity 618K, committed 640K, reserved 1048576K
}
Event: 23.490 GC heap before
{Heap before GC invocations=29 (full 2):
 PSYoungGen      total 111104K, used 35813K [0x00000000eab00000, 0x00000000f3a80000, 0x0000000100000000)
  eden space 75264K, 0% used [0x00000000eab00000,0x00000000eab00000,0x00000000ef480000)
  from space 35840K, 99% used [0x00000000ef480000,0x00000000f1779648,0x00000000f1780000)
  to   space 27136K, 0% used [0x00000000f2000000,0x00000000f2000000,0x00000000f3a80000)
 ParOldGen       total 146432K, used 134378K [0x00000000c0000000, 0x00000000c8f00000, 0x00000000eab00000)
  object space 146432K, 91% used [0x00000000c0000000,0x00000000c833a9b0,0x00000000c8f00000)
 Metaspace       used 5980K, capacity 6962K, committed 7040K, reserved 1056768K
  class space    used 600K, capacity 618K, committed 640K, reserved 1048576K
Event: 24.099 GC heap after
Heap after GC invocations=29 (full 2):
 PSYoungGen      total 111104K, used 0K [0x00000000eab00000, 0x00000000f3a80000, 0x0000000100000000)
  eden space 75264K, 0% used [0x00000000eab00000,0x00000000eab00000,0x00000000ef480000)
  from space 35840K, 0% used [0x00000000ef480000,0x00000000ef480000,0x00000000f1780000)
  to   space 27136K, 0% used [0x00000000f2000000,0x00000000f2000000,0x00000000f3a80000)
 ParOldGen       total 116224K, used 86609K [0x00000000c0000000, 0x00000000c7180000, 0x00000000eab00000)
  object space 116224K, 74% used [0x00000000c0000000,0x00000000c5494548,0x00000000c7180000)
 Metaspace       used 5980K, capacity 6962K, committed 7040K, reserved 1056768K
  class space    used 600K, capacity 618K, committed 640K, reserved 1048576K
}
Event: 24.132 GC heap before
{Heap before GC invocations=30 (full 2):
 PSYoungGen      total 111104K, used 75264K [0x00000000eab00000, 0x00000000f3a80000, 0x0000000100000000)
  eden space 75264K, 100% used [0x00000000eab00000,0x00000000ef480000,0x00000000ef480000)
  from space 35840K, 0% used [0x00000000ef480000,0x00000000ef480000,0x00000000f1780000)
  to   space 27136K, 0% used [0x00000000f2000000,0x00000000f2000000,0x00000000f3a80000)
 ParOldGen       total 116224K, used 86609K [0x00000000c0000000, 0x00000000c7180000, 0x00000000eab00000)
  object space 116224K, 74% used [0x00000000c0000000,0x00000000c5494548,0x00000000c7180000)
 Metaspace       used 5980K, capacity 6962K, committed 7040K, reserved 1056768K
  class space    used 600K, capacity 618K, committed 640K, reserved 1048576K
Event: 24.153 GC heap after
Heap after GC invocations=30 (full 2):
 PSYoungGen      total 90624K, used 27122K [0x00000000eab00000, 0x00000000f6e80000, 0x0000000100000000)
  eden space 63488K, 0% used [0x00000000eab00000,0x00000000eab00000,0x00000000ee900000)
  from space 27136K, 99% used [0x00000000f2000000,0x00000000f3a7cb88,0x00000000f3a80000)
  to   space 56320K, 0% used [0x00000000ee900000,0x00000000ee900000,0x00000000f2000000)
 ParOldGen       total 116224K, used 106977K [0x00000000c0000000, 0x00000000c7180000, 0x00000000eab00000)
  object space 116224K, 92% used [0x00000000c0000000,0x00000000c6878548,0x00000000c7180000)
 Metaspace       used 5980K, capacity 6962K, committed 7040K, reserved 1056768K
  class space    used 600K, capacity 618K, committed 640K, reserved 1048576K
}
Event: 24.153 GC heap before
{Heap before GC invocations=31 (full 3):
 PSYoungGen      total 90624K, used 27122K [0x00000000eab00000, 0x00000000f6e80000, 0x0000000100000000)
  eden space 63488K, 0% used [0x00000000eab00000,0x00000000eab00000,0x00000000ee900000)
  from space 27136K, 99% used [0x00000000f2000000,0x00000000f3a7cb88,0x00000000f3a80000)
  to   space 56320K, 0% used [0x00000000ee900000,0x00000000ee900000,0x00000000f2000000)
 ParOldGen       total 116224K, used 106977K [0x00000000c0000000, 0x00000000c7180000, 0x00000000eab00000)
  object space 116224K, 92% used [0x00000000c0000000,0x00000000c6878548,0x00000000c7180000)
 Metaspace       used 5980K, capacity 6962K, committed 7040K, reserved 1056768K
  class space    used 600K, capacity 618K, committed 640K, reserved 1048576K
Event: 25.265 GC heap after
Heap after GC invocations=31 (full 3):
 PSYoungGen      total 90624K, used 14777K [0x00000000eab00000, 0x00000000f6e80000, 0x0000000100000000)
  eden space 63488K, 0% used [0x00000000eab00000,0x00000000eab00000,0x00000000ee900000)
  from space 27136K, 54% used [0x00000000f2000000,0x00000000f2e6e610,0x00000000f3a80000)
  to   space 56320K, 0% used [0x00000000ee900000,0x00000000ee900000,0x00000000f2000000)
 ParOldGen       total 148992K, used 115981K [0x00000000c0000000, 0x00000000c9180000, 0x00000000eab00000)
  object space 148992K, 77% used [0x00000000c0000000,0x00000000c71434f0,0x00000000c9180000)
 Metaspace       used 5980K, capacity 6962K, committed 7040K, reserved 1056768K
  class space    used 600K, capacity 618K, committed 640K, reserved 1048576K
}

