# JRE version: Java(TM) SE Runtime Environment (8.0_05-b13) (build 1.8.0_05-b13)
# Java VM: Java HotSpot(TM) 64-Bit Server VM (25.5-b02 mixed mode windows-amd64 compressed oops)
Heap:
 PSYoungGen      total 145408K, used 128855K [0x00000000eab00000, 0x00000000f7880000, 0x0000000100000000)
  eden space 104960K, 84% used [0x00000000eab00000,0x00000000f01fb8f8,0x00000000f1180000)
  from space 40448K, 98% used [0x00000000f5100000,0x00000000f77da388,0x00000000f7880000)
  to   space 52736K, 0% used [0x00000000f1180000,0x00000000f1180000,0x00000000f4500000)
 ParOldGen       total 125952K, used 96526K [0x00000000c0000000, 0x00000000c7b00000, 0x00000000eab00000)
  object space 125952K, 76% used [0x00000000c0000000,0x00000000c5e43b40,0x00000000c7b00000)
 Metaspace       used 5992K, capacity 6962K, committed 7040K, reserved 1056768K
  class space    used 600K, capacity 618K, committed 640K, reserved 1048576K
GC Heap History (10 events):
Event: 21.755 GC heap before
{Heap before GC invocations=19 (full 0):
 PSYoungGen      total 73216K, used 73209K [0x00000000eab00000, 0x00000000f0800000, 0x0000000100000000)
  eden space 63488K, 100% used [0x00000000eab00000,0x00000000ee900000,0x00000000ee900000)
  from space 9728K, 99% used [0x00000000ef680000,0x00000000efffe630,0x00000000f0000000)
  to   space 13824K, 0% used [0x00000000ee900000,0x00000000ee900000,0x00000000ef680000)
 ParOldGen       total 129536K, used 31863K [0x00000000c0000000, 0x00000000c7e80000, 0x00000000eab00000)
  object space 129536K, 24% used [0x00000000c0000000,0x00000000c1f1de98,0x00000000c7e80000)
 Metaspace       used 5975K, capacity 6962K, committed 7040K, reserved 1056768K
  class space    used 599K, capacity 618K, committed 640K, reserved 1048576K
Event: 21.988 GC heap after
Heap after GC invocations=19 (full 0):
 PSYoungGen      total 77312K, used 13824K [0x00000000eab00000, 0x00000000f3800000, 0x0000000100000000)
  eden space 63488K, 0% used [0x00000000eab00000,0x00000000eab00000,0x00000000ee900000)
  from space 13824K, 100% used [0x00000000ee900000,0x00000000ef680000,0x00000000ef680000)
  to   space 27648K, 0% used [0x00000000f1d00000,0x00000000f1d00000,0x00000000f3800000)
 ParOldGen       total 129536K, used 61917K [0x00000000c0000000, 0x00000000c7e80000, 0x00000000eab00000)
  object space 129536K, 47% used [0x00000000c0000000,0x00000000c3c77658,0x00000000c7e80000)
 Metaspace       used 5975K, capacity 6962K, committed 7040K, reserved 1056768K
  class space    used 599K, capacity 618K, committed 640K, reserved 1048576K
}
Event: 26.609 GC heap before
{Heap before GC invocations=20 (full 0):
 PSYoungGen      total 77312K, used 77312K [0x00000000eab00000, 0x00000000f3800000, 0x0000000100000000)
  eden space 63488K, 100% used [0x00000000eab00000,0x00000000ee900000,0x00000000ee900000)
  from space 13824K, 100% used [0x00000000ee900000,0x00000000ef680000,0x00000000ef680000)
  to   space 27648K, 0% used [0x00000000f1d00000,0x00000000f1d00000,0x00000000f3800000)
 ParOldGen       total 129536K, used 61917K [0x00000000c0000000, 0x00000000c7e80000, 0x00000000eab00000)
  object space 129536K, 47% used [0x00000000c0000000,0x00000000c3c77658,0x00000000c7e80000)
 Metaspace       used 5989K, capacity 6962K, committed 7040K, reserved 1056768K
  class space    used 600K, capacity 618K, committed 640K, reserved 1048576K
Event: 26.779 GC heap after
Heap after GC invocations=20 (full 0):
 PSYoungGen      total 115712K, used 16596K [0x00000000eab00000, 0x00000000f3a00000, 0x0000000100000000)
  eden space 88064K, 0% used [0x00000000eab00000,0x00000000eab00000,0x00000000f0100000)
  from space 27648K, 60% used [0x00000000f1d00000,0x00000000f2d352b0,0x00000000f3800000)
  to   space 28672K, 0% used [0x00000000f0100000,0x00000000f0100000,0x00000000f1d00000)
 ParOldGen       total 129536K, used 76453K [0x00000000c0000000, 0x00000000c7e80000, 0x00000000eab00000)
  object space 129536K, 59% used [0x00000000c0000000,0x00000000c4aa9658,0x00000000c7e80000)
 Metaspace       used 5989K, capacity 6962K, committed 7040K, reserved 1056768K
  class space    used 600K, capacity 618K, committed 640K, reserved 1048576K
}
Event: 32.462 GC heap before
{Heap before GC invocations=21 (full 0):
 PSYoungGen      total 115712K, used 104660K [0x00000000eab00000, 0x00000000f3a00000, 0x0000000100000000)
  eden space 88064K, 100% used [0x00000000eab00000,0x00000000f0100000,0x00000000f0100000)
  from space 27648K, 60% used [0x00000000f1d00000,0x00000000f2d352b0,0x00000000f3800000)
  to   space 28672K, 0% used [0x00000000f0100000,0x00000000f0100000,0x00000000f1d00000)
 ParOldGen       total 129536K, used 76453K [0x00000000c0000000, 0x00000000c7e80000, 0x00000000eab00000)
  object space 129536K, 59% used [0x00000000c0000000,0x00000000c4aa9658,0x00000000c7e80000)
 Metaspace       used 5992K, capacity 6962K, committed 7040K, reserved 1056768K
  class space    used 600K, capacity 618K, committed 640K, reserved 1048576K
Event: 33.338 GC heap after
Heap after GC invocations=21 (full 0):
 PSYoungGen      total 116736K, used 28662K [0x00000000eab00000, 0x00000000f7e80000, 0x0000000100000000)
  eden space 88064K, 0% used [0x00000000eab00000,0x00000000eab00000,0x00000000f0100000)
  from space 28672K, 99% used [0x00000000f0100000,0x00000000f1cfda80,0x00000000f1d00000)
  to   space 46592K, 0% used [0x00000000f5100000,0x00000000f5100000,0x00000000f7e80000)
 ParOldGen       total 129536K, used 111033K [0x00000000c0000000, 0x00000000c7e80000, 0x00000000eab00000)
  object space 129536K, 85% used [0x00000000c0000000,0x00000000c6c6e658,0x00000000c7e80000)
 Metaspace       used 5992K, capacity 6962K, committed 7040K, reserved 1056768K
  class space    used 600K, capacity 618K, committed 640K, reserved 1048576K
}
Event: 33.338 GC heap before
{Heap before GC invocations=22 (full 1):
 PSYoungGen      total 116736K, used 28662K [0x00000000eab00000, 0x00000000f7e80000, 0x0000000100000000)
  eden space 88064K, 0% used [0x00000000eab00000,0x00000000eab00000,0x00000000f0100000)
  from space 28672K, 99% used [0x00000000f0100000,0x00000000f1cfda80,0x00000000f1d00000)
  to   space 46592K, 0% used [0x00000000f5100000,0x00000000f5100000,0x00000000f7e80000)
 ParOldGen       total 129536K, used 111033K [0x00000000c0000000, 0x00000000c7e80000, 0x00000000eab00000)
  object space 129536K, 85% used [0x00000000c0000000,0x00000000c6c6e658,0x00000000c7e80000)
 Metaspace       used 5992K, capacity 6962K, committed 7040K, reserved 1056768K
  class space    used 600K, capacity 618K, committed 640K, reserved 1048576K
Event: 37.927 GC heap after
Heap after GC invocations=22 (full 1):
 PSYoungGen      total 116736K, used 0K [0x00000000eab00000, 0x00000000f7e80000, 0x0000000100000000)
  eden space 88064K, 0% used [0x00000000eab00000,0x00000000eab00000,0x00000000f0100000)
  from space 28672K, 0% used [0x00000000f0100000,0x00000000f0100000,0x00000000f1d00000)
  to   space 46592K, 0% used [0x00000000f5100000,0x00000000f5100000,0x00000000f7e80000)
 ParOldGen       total 125952K, used 96526K [0x00000000c0000000, 0x00000000c7b00000, 0x00000000eab00000)
  object space 125952K, 76% used [0x00000000c0000000,0x00000000c5e43b40,0x00000000c7b00000)
 Metaspace       used 5992K, capacity 6962K, committed 7040K, reserved 1056768K
  class space    used 600K, capacity 618K, committed 640K, reserved 1048576K
}
Event: 39.435 GC heap before
{Heap before GC invocations=23 (full 1):
 PSYoungGen      total 116736K, used 88064K [0x00000000eab00000, 0x00000000f7e80000, 0x0000000100000000)
  eden space 88064K, 100% used [0x00000000eab00000,0x00000000f0100000,0x00000000f0100000)
  from space 28672K, 0% used [0x00000000f0100000,0x00000000f0100000,0x00000000f1d00000)
  to   space 46592K, 0% used [0x00000000f5100000,0x00000000f5100000,0x00000000f7e80000)
 ParOldGen       total 125952K, used 96526K [0x00000000c0000000, 0x00000000c7b00000, 0x00000000eab00000)
  object space 125952K, 76% used [0x00000000c0000000,0x00000000c5e43b40,0x00000000c7b00000)
 Metaspace       used 5992K, capacity 6962K, committed 7040K, reserved 1056768K
  class space    used 600K, capacity 618K, committed 640K, reserved 1048576K
Event: 40.521 GC heap after
Heap after GC invocations=23 (full 1):
 PSYoungGen      total 145408K, used 39784K [0x00000000eab00000, 0x00000000f7880000, 0x0000000100000000)
  eden space 104960K, 0% used [0x00000000eab00000,0x00000000eab00000,0x00000000f1180000)
  from space 40448K, 98% used [0x00000000f5100000,0x00000000f77da388,0x00000000f7880000)
  to   space 52736K, 0% used [0x00000000f1180000,0x00000000f1180000,0x00000000f4500000)
 ParOldGen       total 125952K, used 96526K [0x00000000c0000000, 0x00000000c7b00000, 0x00000000eab00000)
  object space 125952K, 76% used [0x00000000c0000000,0x00000000c5e43b40,0x00000000c7b00000)
 Metaspace       used 5992K, capacity 6962K, committed 7040K, reserved 1056768K
  class space    used 600K, capacity 618K, committed 640K, reserved 1048576K
}

