# JRE version: Java(TM) SE Runtime Environment (8.0_05-b13) (build 1.8.0_05-b13)
# Java VM: Java HotSpot(TM) 64-Bit Server VM (25.5-b02 mixed mode windows-amd64 compressed oops)
Heap:
 PSYoungGen      total 87040K, used 63779K [0x00000000eab00000, 0x00000000f2d00000, 0x0000000100000000)
  eden space 75776K, 70% used [0x00000000eab00000,0x00000000edee0e60,0x00000000ef500000)
  from space 11264K, 94% used [0x00000000ef500000,0x00000000eff68000,0x00000000f0000000)
  to   space 13312K, 0% used [0x00000000f2000000,0x00000000f2000000,0x00000000f2d00000)
 ParOldGen       total 129536K, used 42666K [0x00000000c0000000, 0x00000000c7e80000, 0x00000000eab00000)
  object space 129536K, 32% used [0x00000000c0000000,0x00000000c29aaa10,0x00000000c7e80000)
 Metaspace       used 6020K, capacity 7028K, committed 7296K, reserved 1056768K
  class space    used 601K, capacity 620K, committed 640K, reserved 1048576K
GC Heap History (10 events):
Event: 10.344 GC heap before
{Heap before GC invocations=15 (full 0):
 PSYoungGen      total 38400K, used 37280K [0x00000000eab00000, 0x00000000ed600000, 0x0000000100000000)
  eden space 34304K, 100% used [0x00000000eab00000,0x00000000ecc80000,0x00000000ecc80000)
  from space 4096K, 72% used [0x00000000ed100000,0x00000000ed3e8000,0x00000000ed500000)
  to   space 4608K, 0% used [0x00000000ecc80000,0x00000000ecc80000,0x00000000ed100000)
 ParOldGen       total 129536K, used 13712K [0x00000000c0000000, 0x00000000c7e80000, 0x00000000eab00000)
  object space 129536K, 10% used [0x00000000c0000000,0x00000000c0d64058,0x00000000c7e80000)
 Metaspace       used 5948K, capacity 6962K, committed 7040K, reserved 1056768K
  class space    used 599K, capacity 618K, committed 640K, reserved 1048576K
Event: 10.415 GC heap after
Heap after GC invocations=15 (full 0):
 PSYoungGen      total 38912K, used 4608K [0x00000000eab00000, 0x00000000eee00000, 0x0000000100000000)
  eden space 34304K, 0% used [0x00000000eab00000,0x00000000eab00000,0x00000000ecc80000)
  from space 4608K, 100% used [0x00000000ecc80000,0x00000000ed100000,0x00000000ed100000)
  to   space 6656K, 0% used [0x00000000ee780000,0x00000000ee780000,0x00000000eee00000)
 ParOldGen       total 129536K, used 17282K [0x00000000c0000000, 0x00000000c7e80000, 0x00000000eab00000)
  object space 129536K, 13% used [0x00000000c0000000,0x00000000c10e0970,0x00000000c7e80000)
 Metaspace       used 5948K, capacity 6962K, committed 7040K, reserved 1056768K
  class space    used 599K, capacity 618K, committed 640K, reserved 1048576K
}
Event: 11.333 GC heap before
{Heap before GC invocations=16 (full 0):
 PSYoungGen      total 38912K, used 38912K [0x00000000eab00000, 0x00000000eee00000, 0x0000000100000000)
  eden space 34304K, 100% used [0x00000000eab00000,0x00000000ecc80000,0x00000000ecc80000)
  from space 4608K, 100% used [0x00000000ecc80000,0x00000000ed100000,0x00000000ed100000)
  to   space 6656K, 0% used [0x00000000ee780000,0x00000000ee780000,0x00000000eee00000)
 ParOldGen       total 129536K, used 17282K [0x00000000c0000000, 0x00000000c7e80000, 0x00000000eab00000)
  object space 129536K, 13% used [0x00000000c0000000,0x00000000c10e0970,0x00000000c7e80000)
 Metaspace       used 5991K, capacity 6962K, committed 7040K, reserved 1056768K
  class space    used 599K, capacity 618K, committed 640K, reserved 1048576K
Event: 11.458 GC heap after
Heap after GC invocations=16 (full 0):
 PSYoungGen      total 61440K, used 4896K [0x00000000eab00000, 0x00000000eef00000, 0x0000000100000000)
  eden space 54784K, 0% used [0x00000000eab00000,0x00000000eab00000,0x00000000ee080000)
  from space 6656K, 73% used [0x00000000ee780000,0x00000000eec48000,0x00000000eee00000)
  to   space 7168K, 0% used [0x00000000ee080000,0x00000000ee080000,0x00000000ee780000)
 ParOldGen       total 129536K, used 21881K [0x00000000c0000000, 0x00000000c7e80000, 0x00000000eab00000)
  object space 129536K, 16% used [0x00000000c0000000,0x00000000c155e518,0x00000000c7e80000)
 Metaspace       used 5991K, capacity 6962K, committed 7040K, reserved 1056768K
  class space    used 599K, capacity 618K, committed 640K, reserved 1048576K
}
Event: 12.817 GC heap before
{Heap before GC invocations=17 (full 0):
 PSYoungGen      total 61440K, used 59680K [0x00000000eab00000, 0x00000000eef00000, 0x0000000100000000)
  eden space 54784K, 100% used [0x00000000eab00000,0x00000000ee080000,0x00000000ee080000)
  from space 6656K, 73% used [0x00000000ee780000,0x00000000eec48000,0x00000000eee00000)
  to   space 7168K, 0% used [0x00000000ee080000,0x00000000ee080000,0x00000000ee780000)
 ParOldGen       total 129536K, used 21881K [0x00000000c0000000, 0x00000000c7e80000, 0x00000000eab00000)
  object space 129536K, 16% used [0x00000000c0000000,0x00000000c155e518,0x00000000c7e80000)
 Metaspace       used 6006K, capacity 6962K, committed 7040K, reserved 1056768K
  class space    used 599K, capacity 618K, committed 640K, reserved 1048576K
Event: 12.933 GC heap after
Heap after GC invocations=17 (full 0):
 PSYoungGen      total 61952K, used 7152K [0x00000000eab00000, 0x00000000f0a00000, 0x0000000100000000)
  eden space 54784K, 0% used [0x00000000eab00000,0x00000000eab00000,0x00000000ee080000)
  from space 7168K, 99% used [0x00000000ee080000,0x00000000ee77c030,0x00000000ee780000)
  to   space 10240K, 0% used [0x00000000f0000000,0x00000000f0000000,0x00000000f0a00000)
 ParOldGen       total 129536K, used 27557K [0x00000000c0000000, 0x00000000c7e80000, 0x00000000eab00000)
  object space 129536K, 21% used [0x00000000c0000000,0x00000000c1ae9770,0x00000000c7e80000)
 Metaspace       used 6006K, capacity 6962K, committed 7040K, reserved 1056768K
  class space    used 599K, capacity 618K, committed 640K, reserved 1048576K
}
Event: 14.035 GC heap before
{Heap before GC invocations=18 (full 0):
 PSYoungGen      total 61952K, used 61936K [0x00000000eab00000, 0x00000000f0a00000, 0x0000000100000000)
  eden space 54784K, 100% used [0x00000000eab00000,0x00000000ee080000,0x00000000ee080000)
  from space 7168K, 99% used [0x00000000ee080000,0x00000000ee77c030,0x00000000ee780000)
  to   space 10240K, 0% used [0x00000000f0000000,0x00000000f0000000,0x00000000f0a00000)
 ParOldGen       total 129536K, used 27557K [0x00000000c0000000, 0x00000000c7e80000, 0x00000000eab00000)
  object space 129536K, 21% used [0x00000000c0000000,0x00000000c1ae9770,0x00000000c7e80000)
 Metaspace       used 6010K, capacity 7026K, committed 7296K, reserved 1056768K
  class space    used 599K, capacity 618K, committed 640K, reserved 1048576K
Event: 14.117 GC heap after
Heap after GC invocations=18 (full 0):
 PSYoungGen      total 86016K, used 8529K [0x00000000eab00000, 0x00000000f0c00000, 0x0000000100000000)
  eden space 75776K, 0% used [0x00000000eab00000,0x00000000eab00000,0x00000000ef500000)
  from space 10240K, 83% used [0x00000000f0000000,0x00000000f08544e8,0x00000000f0a00000)
  to   space 11264K, 0% used [0x00000000ef500000,0x00000000ef500000,0x00000000f0000000)
 ParOldGen       total 129536K, used 34658K [0x00000000c0000000, 0x00000000c7e80000, 0x00000000eab00000)
  object space 129536K, 26% used [0x00000000c0000000,0x00000000c21d88d0,0x00000000c7e80000)
 Metaspace       used 6010K, capacity 7026K, committed 7296K, reserved 1056768K
  class space    used 599K, capacity 618K, committed 640K, reserved 1048576K
}
Event: 15.357 GC heap before
{Heap before GC invocations=19 (full 0):
 PSYoungGen      total 86016K, used 84305K [0x00000000eab00000, 0x00000000f0c00000, 0x0000000100000000)
  eden space 75776K, 100% used [0x00000000eab00000,0x00000000ef500000,0x00000000ef500000)
  from space 10240K, 83% used [0x00000000f0000000,0x00000000f08544e8,0x00000000f0a00000)
  to   space 11264K, 0% used [0x00000000ef500000,0x00000000ef500000,0x00000000f0000000)
 ParOldGen       total 129536K, used 34658K [0x00000000c0000000, 0x00000000c7e80000, 0x00000000eab00000)
  object space 129536K, 26% used [0x00000000c0000000,0x00000000c21d88d0,0x00000000c7e80000)
 Metaspace       used 6013K, capacity 7026K, committed 7296K, reserved 1056768K
  class space    used 599K, capacity 618K, committed 640K, reserved 1048576K
Event: 15.478 GC heap after
Heap after GC invocations=19 (full 0):
 PSYoungGen      total 87040K, used 10656K [0x00000000eab00000, 0x00000000f2d00000, 0x0000000100000000)
  eden space 75776K, 0% used [0x00000000eab00000,0x00000000eab00000,0x00000000ef500000)
  from space 11264K, 94% used [0x00000000ef500000,0x00000000eff68000,0x00000000f0000000)
  to   space 13312K, 0% used [0x00000000f2000000,0x00000000f2000000,0x00000000f2d00000)
 ParOldGen       total 129536K, used 42666K [0x00000000c0000000, 0x00000000c7e80000, 0x00000000eab00000)
  object space 129536K, 32% used [0x00000000c0000000,0x00000000c29aaa10,0x00000000c7e80000)
 Metaspace       used 6013K, capacity 7026K, committed 7296K, reserved 1056768K
  class space    used 599K, capacity 618K, committed 640K, reserved 1048576K
}

