# JRE version: Java(TM) SE Runtime Environment (8.0_05-b13) (build 1.8.0_05-b13)
# Java VM: Java HotSpot(TM) 64-Bit Server VM (25.5-b02 mixed mode windows-amd64 compressed oops)
Heap:
 PSYoungGen      total 118272K, used 58894K [0x00000000eab00000, 0x00000000f3100000, 0x0000000100000000)
  eden space 102400K, 47% used [0x00000000eab00000,0x00000000eda3a190,0x00000000f0f00000)
  from space 15872K, 66% used [0x00000000f1f80000,0x00000000f29c9840,0x00000000f2f00000)
  to   space 16896K, 0% used [0x00000000f0f00000,0x00000000f0f00000,0x00000000f1f80000)
 ParOldGen       total 129536K, used 53186K [0x00000000c0000000, 0x00000000c7e80000, 0x00000000eab00000)
  object space 129536K, 41% used [0x00000000c0000000,0x00000000c33f0b58,0x00000000c7e80000)
 Metaspace       used 6810K, capacity 7512K, committed 7680K, reserved 1056768K
  class space    used 665K, capacity 720K, committed 768K, reserved 1048576K
GC Heap History (10 events):
Event: 11.779 GC heap before
{Heap before GC invocations=16 (full 0):
 PSYoungGen      total 39424K, used 38331K [0x00000000eab00000, 0x00000000eec00000, 0x0000000100000000)
  eden space 33280K, 100% used [0x00000000eab00000,0x00000000ecb80000,0x00000000ecb80000)
  from space 6144K, 82% used [0x00000000ecb80000,0x00000000ed06ed10,0x00000000ed180000)
  to   space 6656K, 0% used [0x00000000ee580000,0x00000000ee580000,0x00000000eec00000)
 ParOldGen       total 129536K, used 17373K [0x00000000c0000000, 0x00000000c7e80000, 0x00000000eab00000)
  object space 129536K, 13% used [0x00000000c0000000,0x00000000c10f7688,0x00000000c7e80000)
 Metaspace       used 5884K, capacity 6960K, committed 7040K, reserved 1056768K
  class space    used 585K, capacity 616K, committed 640K, reserved 1048576K
Event: 11.800 GC heap after
Heap after GC invocations=16 (full 0):
 PSYoungGen      total 59392K, used 5298K [0x00000000eab00000, 0x00000000eed00000, 0x0000000100000000)
  eden space 52736K, 0% used [0x00000000eab00000,0x00000000eab00000,0x00000000ede80000)
  from space 6656K, 79% used [0x00000000ee580000,0x00000000eeaacbb0,0x00000000eec00000)
  to   space 7168K, 0% used [0x00000000ede80000,0x00000000ede80000,0x00000000ee580000)
 ParOldGen       total 129536K, used 22221K [0x00000000c0000000, 0x00000000c7e80000, 0x00000000eab00000)
  object space 129536K, 17% used [0x00000000c0000000,0x00000000c15b3520,0x00000000c7e80000)
 Metaspace       used 5884K, capacity 6960K, committed 7040K, reserved 1056768K
  class space    used 585K, capacity 616K, committed 640K, reserved 1048576K
}
Event: 12.465 GC heap before
{Heap before GC invocations=17 (full 0):
 PSYoungGen      total 59392K, used 58034K [0x00000000eab00000, 0x00000000eed00000, 0x0000000100000000)
  eden space 52736K, 100% used [0x00000000eab00000,0x00000000ede80000,0x00000000ede80000)
  from space 6656K, 79% used [0x00000000ee580000,0x00000000eeaacbb0,0x00000000eec00000)
  to   space 7168K, 0% used [0x00000000ede80000,0x00000000ede80000,0x00000000ee580000)
 ParOldGen       total 129536K, used 22221K [0x00000000c0000000, 0x00000000c7e80000, 0x00000000eab00000)
  object space 129536K, 17% used [0x00000000c0000000,0x00000000c15b3520,0x00000000c7e80000)
 Metaspace       used 5929K, capacity 7024K, committed 7296K, reserved 1056768K
  class space    used 585K, capacity 616K, committed 640K, reserved 1048576K
Event: 12.542 GC heap after
Heap after GC invocations=17 (full 0):
 PSYoungGen      total 59904K, used 7162K [0x00000000eab00000, 0x00000000f0880000, 0x0000000100000000)
  eden space 52736K, 0% used [0x00000000eab00000,0x00000000eab00000,0x00000000ede80000)
  from space 7168K, 99% used [0x00000000ede80000,0x00000000ee57e848,0x00000000ee580000)
  to   space 10752K, 0% used [0x00000000efe00000,0x00000000efe00000,0x00000000f0880000)
 ParOldGen       total 129536K, used 28675K [0x00000000c0000000, 0x00000000c7e80000, 0x00000000eab00000)
  object space 129536K, 22% used [0x00000000c0000000,0x00000000c1c00fd8,0x00000000c7e80000)
 Metaspace       used 5929K, capacity 7024K, committed 7296K, reserved 1056768K
  class space    used 585K, capacity 616K, committed 640K, reserved 1048576K
}
Event: 13.494 GC heap before
{Heap before GC invocations=18 (full 0):
 PSYoungGen      total 59904K, used 59898K [0x00000000eab00000, 0x00000000f0880000, 0x0000000100000000)
  eden space 52736K, 100% used [0x00000000eab00000,0x00000000ede80000,0x00000000ede80000)
  from space 7168K, 99% used [0x00000000ede80000,0x00000000ee57e848,0x00000000ee580000)
  to   space 10752K, 0% used [0x00000000efe00000,0x00000000efe00000,0x00000000f0880000)
 ParOldGen       total 129536K, used 28675K [0x00000000c0000000, 0x00000000c7e80000, 0x00000000eab00000)
  object space 129536K, 22% used [0x00000000c0000000,0x00000000c1c00fd8,0x00000000c7e80000)
 Metaspace       used 6032K, capacity 7026K, committed 7296K, reserved 1056768K
  class space    used 604K, capacity 618K, committed 640K, reserved 1048576K
Event: 13.753 GC heap after
Heap after GC invocations=18 (full 0):
 PSYoungGen      total 84480K, used 7431K [0x00000000eab00000, 0x00000000f0980000, 0x0000000100000000)
  eden space 73728K, 0% used [0x00000000eab00000,0x00000000eab00000,0x00000000ef300000)
  from space 10752K, 69% used [0x00000000efe00000,0x00000000f0541df0,0x00000000f0880000)
  to   space 11264K, 0% used [0x00000000ef300000,0x00000000ef300000,0x00000000efe00000)
 ParOldGen       total 129536K, used 35438K [0x00000000c0000000, 0x00000000c7e80000, 0x00000000eab00000)
  object space 129536K, 27% used [0x00000000c0000000,0x00000000c229ba18,0x00000000c7e80000)
 Metaspace       used 6032K, capacity 7026K, committed 7296K, reserved 1056768K
  class space    used 604K, capacity 618K, committed 640K, reserved 1048576K
}
Event: 15.021 GC heap before
{Heap before GC invocations=19 (full 0):
 PSYoungGen      total 84480K, used 81159K [0x00000000eab00000, 0x00000000f0980000, 0x0000000100000000)
  eden space 73728K, 100% used [0x00000000eab00000,0x00000000ef300000,0x00000000ef300000)
  from space 10752K, 69% used [0x00000000efe00000,0x00000000f0541df0,0x00000000f0880000)
  to   space 11264K, 0% used [0x00000000ef300000,0x00000000ef300000,0x00000000efe00000)
 ParOldGen       total 129536K, used 35438K [0x00000000c0000000, 0x00000000c7e80000, 0x00000000eab00000)
  object space 129536K, 27% used [0x00000000c0000000,0x00000000c229ba18,0x00000000c7e80000)
 Metaspace       used 6051K, capacity 7026K, committed 7296K, reserved 1056768K
  class space    used 604K, capacity 618K, committed 640K, reserved 1048576K
Event: 15.147 GC heap after
Heap after GC invocations=19 (full 0):
 PSYoungGen      total 84992K, used 11237K [0x00000000eab00000, 0x00000000f2f00000, 0x0000000100000000)
  eden space 73728K, 0% used [0x00000000eab00000,0x00000000eab00000,0x00000000ef300000)
  from space 11264K, 99% used [0x00000000ef300000,0x00000000efdf9450,0x00000000efe00000)
  to   space 15872K, 0% used [0x00000000f1f80000,0x00000000f1f80000,0x00000000f2f00000)
 ParOldGen       total 129536K, used 42705K [0x00000000c0000000, 0x00000000c7e80000, 0x00000000eab00000)
  object space 129536K, 32% used [0x00000000c0000000,0x00000000c29b4408,0x00000000c7e80000)
 Metaspace       used 6051K, capacity 7026K, committed 7296K, reserved 1056768K
  class space    used 604K, capacity 618K, committed 640K, reserved 1048576K
}
Event: 15.874 GC heap before
{Heap before GC invocations=20 (full 0):
 PSYoungGen      total 84992K, used 84965K [0x00000000eab00000, 0x00000000f2f00000, 0x0000000100000000)
  eden space 73728K, 100% used [0x00000000eab00000,0x00000000ef300000,0x00000000ef300000)
  from space 11264K, 99% used [0x00000000ef300000,0x00000000efdf9450,0x00000000efe00000)
  to   space 15872K, 0% used [0x00000000f1f80000,0x00000000f1f80000,0x00000000f2f00000)
 ParOldGen       total 129536K, used 42705K [0x00000000c0000000, 0x00000000c7e80000, 0x00000000eab00000)
  object space 129536K, 32% used [0x00000000c0000000,0x00000000c29b4408,0x00000000c7e80000)
 Metaspace       used 6056K, capacity 7026K, committed 7296K, reserved 1056768K
  class space    used 604K, capacity 618K, committed 640K, reserved 1048576K
Event: 16.022 GC heap after
Heap after GC invocations=20 (full 0):
 PSYoungGen      total 118272K, used 10534K [0x00000000eab00000, 0x00000000f3100000, 0x0000000100000000)
  eden space 102400K, 0% used [0x00000000eab00000,0x00000000eab00000,0x00000000f0f00000)
  from space 15872K, 66% used [0x00000000f1f80000,0x00000000f29c9840,0x00000000f2f00000)
  to   space 16896K, 0% used [0x00000000f0f00000,0x00000000f0f00000,0x00000000f1f80000)
 ParOldGen       total 129536K, used 53186K [0x00000000c0000000, 0x00000000c7e80000, 0x00000000eab00000)
  object space 129536K, 41% used [0x00000000c0000000,0x00000000c33f0b58,0x00000000c7e80000)
 Metaspace       used 6056K, capacity 7026K, committed 7296K, reserved 1056768K
  class space    used 604K, capacity 618K, committed 640K, reserved 1048576K
}

