# JRE version: Java(TM) SE Runtime Environment (8.0_05-b13) (build 1.8.0_05-b13)
# Java VM: Java HotSpot(TM) 64-Bit Server VM (25.5-b02 mixed mode windows-amd64 compressed oops)
Heap:
 PSYoungGen      total 226816K, used 42607K [0x00000000eab00000, 0x0000000100000000, 0x0000000100000000)
  eden space 110592K, 20% used [0x00000000eab00000,0x00000000ec106958,0x00000000f1700000)
  from space 116224K, 17% used [0x00000000f1700000,0x00000000f2a954c8,0x00000000f8880000)
  to   space 116224K, 0% used [0x00000000f8e80000,0x00000000f8e80000,0x0000000100000000)
 ParOldGen       total 251392K, used 187467K [0x00000000c0000000, 0x00000000cf580000, 0x00000000eab00000)
  object space 251392K, 74% used [0x00000000c0000000,0x00000000cb712c68,0x00000000cf580000)
 Metaspace       used 6669K, capacity 7384K, committed 7680K, reserved 1056768K
  class space    used 653K, capacity 656K, committed 768K, reserved 1048576K
GC Heap History (10 events):
Event: 74.605 GC heap before
{Heap before GC invocations=35 (full 7):
 PSYoungGen      total 216064K, used 30211K [0x00000000eab00000, 0x00000000fdf80000, 0x0000000100000000)
  eden space 127488K, 0% used [0x00000000eab00000,0x00000000eab00000,0x00000000f2780000)
  from space 88576K, 34% used [0x00000000f8900000,0x00000000fa680e68,0x00000000fdf80000)
  to   space 94208K, 0% used [0x00000000f2780000,0x00000000f2780000,0x00000000f8380000)
 ParOldGen       total 273408K, used 251226K [0x00000000c0000000, 0x00000000d0b00000, 0x00000000eab00000)
  object space 273408K, 91% used [0x00000000c0000000,0x00000000cf556a00,0x00000000d0b00000)
 Metaspace       used 6026K, capacity 7026K, committed 7296K, reserved 1056768K
  class space    used 600K, capacity 618K, committed 640K, reserved 1048576K
Event: 85.537 GC heap after
Heap after GC invocations=35 (full 7):
 PSYoungGen      total 216064K, used 4389K [0x00000000eab00000, 0x00000000fdf80000, 0x0000000100000000)
  eden space 127488K, 0% used [0x00000000eab00000,0x00000000eab00000,0x00000000f2780000)
  from space 88576K, 4% used [0x00000000f8900000,0x00000000f8d49768,0x00000000fdf80000)
  to   space 94208K, 0% used [0x00000000f2780000,0x00000000f2780000,0x00000000f8380000)
 ParOldGen       total 332800K, used 273347K [0x00000000c0000000, 0x00000000d4500000, 0x00000000eab00000)
  object space 332800K, 82% used [0x00000000c0000000,0x00000000d0af0e00,0x00000000d4500000)
 Metaspace       used 6026K, capacity 7026K, committed 7296K, reserved 1056768K
  class space    used 600K, capacity 618K, committed 640K, reserved 1048576K
}
Event: 86.426 GC heap before
{Heap before GC invocations=36 (full 7):
 PSYoungGen      total 216064K, used 131877K [0x00000000eab00000, 0x00000000fdf80000, 0x0000000100000000)
  eden space 127488K, 100% used [0x00000000eab00000,0x00000000f2780000,0x00000000f2780000)
  from space 88576K, 4% used [0x00000000f8900000,0x00000000f8d49768,0x00000000fdf80000)
  to   space 94208K, 0% used [0x00000000f2780000,0x00000000f2780000,0x00000000f8380000)
 ParOldGen       total 332800K, used 273347K [0x00000000c0000000, 0x00000000d4500000, 0x00000000eab00000)
  object space 332800K, 82% used [0x00000000c0000000,0x00000000d0af0e00,0x00000000d4500000)
 Metaspace       used 6026K, capacity 7026K, committed 7296K, reserved 1056768K
  class space    used 600K, capacity 618K, committed 640K, reserved 1048576K
Event: 86.855 GC heap after
Heap after GC invocations=36 (full 7):
 PSYoungGen      total 221696K, used 48793K [0x00000000eab00000, 0x00000000fe400000, 0x0000000100000000)
  eden space 127488K, 0% used [0x00000000eab00000,0x00000000eab00000,0x00000000f2780000)
  from space 94208K, 51% used [0x00000000f2780000,0x00000000f57266b0,0x00000000f8380000)
  to   space 93696K, 0% used [0x00000000f8880000,0x00000000f8880000,0x00000000fe400000)
 ParOldGen       total 332800K, used 273347K [0x00000000c0000000, 0x00000000d4500000, 0x00000000eab00000)
  object space 332800K, 82% used [0x00000000c0000000,0x00000000d0af0e00,0x00000000d4500000)
 Metaspace       used 6026K, capacity 7026K, committed 7296K, reserved 1056768K
  class space    used 600K, capacity 618K, committed 640K, reserved 1048576K
}
Event: 88.197 GC heap before
{Heap before GC invocations=37 (full 7):
 PSYoungGen      total 221696K, used 176281K [0x00000000eab00000, 0x00000000fe400000, 0x0000000100000000)
  eden space 127488K, 100% used [0x00000000eab00000,0x00000000f2780000,0x00000000f2780000)
  from space 94208K, 51% used [0x00000000f2780000,0x00000000f57266b0,0x00000000f8380000)
  to   space 93696K, 0% used [0x00000000f8880000,0x00000000f8880000,0x00000000fe400000)
 ParOldGen       total 332800K, used 273347K [0x00000000c0000000, 0x00000000d4500000, 0x00000000eab00000)
  object space 332800K, 82% used [0x00000000c0000000,0x00000000d0af0e00,0x00000000d4500000)
 Metaspace       used 6033K, capacity 7028K, committed 7296K, reserved 1056768K
  class space    used 602K, capacity 620K, committed 640K, reserved 1048576K
Event: 88.419 GC heap after
Heap after GC invocations=37 (full 7):
 PSYoungGen      total 204288K, used 93693K [0x00000000eab00000, 0x0000000100000000, 0x0000000100000000)
  eden space 110592K, 0% used [0x00000000eab00000,0x00000000eab00000,0x00000000f1700000)
  from space 93696K, 99% used [0x00000000f8880000,0x00000000fe3ff738,0x00000000fe400000)
  to   space 116224K, 0% used [0x00000000f1700000,0x00000000f1700000,0x00000000f8880000)
 ParOldGen       total 332800K, used 303331K [0x00000000c0000000, 0x00000000d4500000, 0x00000000eab00000)
  object space 332800K, 91% used [0x00000000c0000000,0x00000000d2838e00,0x00000000d4500000)
 Metaspace       used 6033K, capacity 7028K, committed 7296K, reserved 1056768K
  class space    used 602K, capacity 620K, committed 640K, reserved 1048576K
}
Event: 88.420 GC heap before
{Heap before GC invocations=38 (full 8):
 PSYoungGen      total 204288K, used 93693K [0x00000000eab00000, 0x0000000100000000, 0x0000000100000000)
  eden space 110592K, 0% used [0x00000000eab00000,0x00000000eab00000,0x00000000f1700000)
  from space 93696K, 99% used [0x00000000f8880000,0x00000000fe3ff738,0x00000000fe400000)
  to   space 116224K, 0% used [0x00000000f1700000,0x00000000f1700000,0x00000000f8880000)
 ParOldGen       total 332800K, used 303331K [0x00000000c0000000, 0x00000000d4500000, 0x00000000eab00000)
  object space 332800K, 91% used [0x00000000c0000000,0x00000000d2838e00,0x00000000d4500000)
 Metaspace       used 6033K, capacity 7028K, committed 7296K, reserved 1056768K
  class space    used 602K, capacity 620K, committed 640K, reserved 1048576K
Event: 89.869 GC heap after
Heap after GC invocations=38 (full 8):
 PSYoungGen      total 204288K, used 0K [0x00000000eab00000, 0x0000000100000000, 0x0000000100000000)
  eden space 110592K, 0% used [0x00000000eab00000,0x00000000eab00000,0x00000000f1700000)
  from space 93696K, 0% used [0x00000000f8880000,0x00000000f8880000,0x00000000fe400000)
  to   space 116224K, 0% used [0x00000000f1700000,0x00000000f1700000,0x00000000f8880000)
 ParOldGen       total 251392K, used 187467K [0x00000000c0000000, 0x00000000cf580000, 0x00000000eab00000)
  object space 251392K, 74% used [0x00000000c0000000,0x00000000cb712c68,0x00000000cf580000)
 Metaspace       used 6033K, capacity 7028K, committed 7296K, reserved 1056768K
  class space    used 602K, capacity 620K, committed 640K, reserved 1048576K
}
Event: 93.276 GC heap before
{Heap before GC invocations=39 (full 8):
 PSYoungGen      total 204288K, used 110592K [0x00000000eab00000, 0x0000000100000000, 0x0000000100000000)
  eden space 110592K, 100% used [0x00000000eab00000,0x00000000f1700000,0x00000000f1700000)
  from space 93696K, 0% used [0x00000000f8880000,0x00000000f8880000,0x00000000fe400000)
  to   space 116224K, 0% used [0x00000000f1700000,0x00000000f1700000,0x00000000f8880000)
 ParOldGen       total 251392K, used 187467K [0x00000000c0000000, 0x00000000cf580000, 0x00000000eab00000)
  object space 251392K, 74% used [0x00000000c0000000,0x00000000cb712c68,0x00000000cf580000)
 Metaspace       used 6033K, capacity 7028K, committed 7296K, reserved 1056768K
  class space    used 602K, capacity 620K, committed 640K, reserved 1048576K
Event: 94.341 GC heap after
Heap after GC invocations=39 (full 8):
 PSYoungGen      total 226816K, used 20053K [0x00000000eab00000, 0x0000000100000000, 0x0000000100000000)
  eden space 110592K, 0% used [0x00000000eab00000,0x00000000eab00000,0x00000000f1700000)
  from space 116224K, 17% used [0x00000000f1700000,0x00000000f2a954c8,0x00000000f8880000)
  to   space 116224K, 0% used [0x00000000f8e80000,0x00000000f8e80000,0x0000000100000000)
 ParOldGen       total 251392K, used 187467K [0x00000000c0000000, 0x00000000cf580000, 0x00000000eab00000)
  object space 251392K, 74% used [0x00000000c0000000,0x00000000cb712c68,0x00000000cf580000)
 Metaspace       used 6033K, capacity 7028K, committed 7296K, reserved 1056768K
  class space    used 602K, capacity 620K, committed 640K, reserved 1048576K
}

