# JRE version: Java(TM) SE Runtime Environment (8.0_05-b13) (build 1.8.0_05-b13)
# Java VM: Java HotSpot(TM) 64-Bit Server VM (25.5-b02 mixed mode windows-amd64 compressed oops)
Heap:
 PSYoungGen      total 24576K, used 5232K [0x00000000eab00000, 0x00000000ec600000, 0x0000000100000000)
  eden space 21504K, 12% used [0x00000000eab00000,0x00000000ead8ad40,0x00000000ec000000)
  from space 3072K, 85% used [0x00000000ec000000,0x00000000ec2912e8,0x00000000ec300000)
  to   space 3072K, 0% used [0x00000000ec300000,0x00000000ec300000,0x00000000ec600000)
 ParOldGen       total 129536K, used 9775K [0x00000000c0000000, 0x00000000c7e80000, 0x00000000eab00000)
  object space 129536K, 7% used [0x00000000c0000000,0x00000000c098bd78,0x00000000c7e80000)
 Metaspace       used 5552K, capacity 6896K, committed 7040K, reserved 1058816K
  class space    used 550K, capacity 616K, committed 640K, reserved 1048576K
GC Heap History (10 events):
Event: 4.717 GC heap before
{Heap before GC invocations=9 (full 0):
 PSYoungGen      total 10240K, used 10112K [0x00000000eab00000, 0x00000000eb700000, 0x0000000100000000)
  eden space 8192K, 100% used [0x00000000eab00000,0x00000000eb300000,0x00000000eb300000)
  from space 2048K, 93% used [0x00000000eb500000,0x00000000eb6e0018,0x00000000eb700000)
  to   space 2048K, 0% used [0x00000000eb300000,0x00000000eb300000,0x00000000eb500000)
 ParOldGen       total 129536K, used 1735K [0x00000000c0000000, 0x00000000c7e80000, 0x00000000eab00000)
  object space 129536K, 1% used [0x00000000c0000000,0x00000000c01b1f30,0x00000000c7e80000)
 Metaspace       used 5436K, capacity 6768K, committed 7040K, reserved 1058816K
  class space    used 550K, capacity 616K, committed 640K, reserved 1048576K
Event: 4.725 GC heap after
Heap after GC invocations=9 (full 0):
 PSYoungGen      total 10240K, used 2048K [0x00000000eab00000, 0x00000000ebe00000, 0x0000000100000000)
  eden space 8192K, 0% used [0x00000000eab00000,0x00000000eab00000,0x00000000eb300000)
  from space 2048K, 100% used [0x00000000eb300000,0x00000000eb500000,0x00000000eb500000)
  to   space 3072K, 0% used [0x00000000ebb00000,0x00000000ebb00000,0x00000000ebe00000)
 ParOldGen       total 129536K, used 2791K [0x00000000c0000000, 0x00000000c7e80000, 0x00000000eab00000)
  object space 129536K, 2% used [0x00000000c0000000,0x00000000c02b9ce8,0x00000000c7e80000)
 Metaspace       used 5436K, capacity 6768K, committed 7040K, reserved 1058816K
  class space    used 550K, capacity 616K, committed 640K, reserved 1048576K
}
Event: 5.030 GC heap before
{Heap before GC invocations=10 (full 0):
 PSYoungGen      total 10240K, used 10240K [0x00000000eab00000, 0x00000000ebe00000, 0x0000000100000000)
  eden space 8192K, 100% used [0x00000000eab00000,0x00000000eb300000,0x00000000eb300000)
  from space 2048K, 100% used [0x00000000eb300000,0x00000000eb500000,0x00000000eb500000)
  to   space 3072K, 0% used [0x00000000ebb00000,0x00000000ebb00000,0x00000000ebe00000)
 ParOldGen       total 129536K, used 2791K [0x00000000c0000000, 0x00000000c7e80000, 0x00000000eab00000)
  object space 129536K, 2% used [0x00000000c0000000,0x00000000c02b9ce8,0x00000000c7e80000)
 Metaspace       used 5469K, capacity 6832K, committed 7040K, reserved 1058816K
  class space    used 550K, capacity 616K, committed 640K, reserved 1048576K
Event: 5.041 GC heap after
Heap after GC invocations=10 (full 0):
 PSYoungGen      total 16384K, used 2144K [0x00000000eab00000, 0x00000000ebe00000, 0x0000000100000000)
  eden space 13312K, 0% used [0x00000000eab00000,0x00000000eab00000,0x00000000eb800000)
  from space 3072K, 69% used [0x00000000ebb00000,0x00000000ebd18010,0x00000000ebe00000)
  to   space 3072K, 0% used [0x00000000eb800000,0x00000000eb800000,0x00000000ebb00000)
 ParOldGen       total 129536K, used 3998K [0x00000000c0000000, 0x00000000c7e80000, 0x00000000eab00000)
  object space 129536K, 3% used [0x00000000c0000000,0x00000000c03e79a0,0x00000000c7e80000)
 Metaspace       used 5469K, capacity 6832K, committed 7040K, reserved 1058816K
  class space    used 550K, capacity 616K, committed 640K, reserved 1048576K
}
Event: 5.566 GC heap before
{Heap before GC invocations=11 (full 0):
 PSYoungGen      total 16384K, used 15456K [0x00000000eab00000, 0x00000000ebe00000, 0x0000000100000000)
  eden space 13312K, 100% used [0x00000000eab00000,0x00000000eb800000,0x00000000eb800000)
  from space 3072K, 69% used [0x00000000ebb00000,0x00000000ebd18010,0x00000000ebe00000)
  to   space 3072K, 0% used [0x00000000eb800000,0x00000000eb800000,0x00000000ebb00000)
 ParOldGen       total 129536K, used 3998K [0x00000000c0000000, 0x00000000c7e80000, 0x00000000eab00000)
  object space 129536K, 3% used [0x00000000c0000000,0x00000000c03e79a0,0x00000000c7e80000)
 Metaspace       used 5512K, capacity 6832K, committed 7040K, reserved 1058816K
  class space    used 550K, capacity 616K, committed 640K, reserved 1048576K
Event: 5.600 GC heap after
Heap after GC invocations=11 (full 0):
 PSYoungGen      total 16384K, used 1920K [0x00000000eab00000, 0x00000000ec600000, 0x0000000100000000)
  eden space 13312K, 0% used [0x00000000eab00000,0x00000000eab00000,0x00000000eb800000)
  from space 3072K, 62% used [0x00000000eb800000,0x00000000eb9e0000,0x00000000ebb00000)
  to   space 3072K, 0% used [0x00000000ec300000,0x00000000ec300000,0x00000000ec600000)
 ParOldGen       total 129536K, used 5992K [0x00000000c0000000, 0x00000000c7e80000, 0x00000000eab00000)
  object space 129536K, 4% used [0x00000000c0000000,0x00000000c05da260,0x00000000c7e80000)
 Metaspace       used 5512K, capacity 6832K, committed 7040K, reserved 1058816K
  class space    used 550K, capacity 616K, committed 640K, reserved 1048576K
}
Event: 6.370 GC heap before
{Heap before GC invocations=12 (full 0):
 PSYoungGen      total 16384K, used 15232K [0x00000000eab00000, 0x00000000ec600000, 0x0000000100000000)
  eden space 13312K, 100% used [0x00000000eab00000,0x00000000eb800000,0x00000000eb800000)
  from space 3072K, 62% used [0x00000000eb800000,0x00000000eb9e0000,0x00000000ebb00000)
  to   space 3072K, 0% used [0x00000000ec300000,0x00000000ec300000,0x00000000ec600000)
 ParOldGen       total 129536K, used 5992K [0x00000000c0000000, 0x00000000c7e80000, 0x00000000eab00000)
  object space 129536K, 4% used [0x00000000c0000000,0x00000000c05da260,0x00000000c7e80000)
 Metaspace       used 5546K, capacity 6896K, committed 7040K, reserved 1058816K
  class space    used 550K, capacity 616K, committed 640K, reserved 1048576K
Event: 6.401 GC heap after
Heap after GC invocations=12 (full 0):
 PSYoungGen      total 24576K, used 2144K [0x00000000eab00000, 0x00000000ec600000, 0x0000000100000000)
  eden space 21504K, 0% used [0x00000000eab00000,0x00000000eab00000,0x00000000ec000000)
  from space 3072K, 69% used [0x00000000ec300000,0x00000000ec518000,0x00000000ec600000)
  to   space 3072K, 0% used [0x00000000ec000000,0x00000000ec000000,0x00000000ec300000)
 ParOldGen       total 129536K, used 7758K [0x00000000c0000000, 0x00000000c7e80000, 0x00000000eab00000)
  object space 129536K, 5% used [0x00000000c0000000,0x00000000c0793b58,0x00000000c7e80000)
 Metaspace       used 5546K, capacity 6896K, committed 7040K, reserved 1058816K
  class space    used 550K, capacity 616K, committed 640K, reserved 1048576K
}
Event: 7.196 GC heap before
{Heap before GC invocations=13 (full 0):
 PSYoungGen      total 24576K, used 23648K [0x00000000eab00000, 0x00000000ec600000, 0x0000000100000000)
  eden space 21504K, 100% used [0x00000000eab00000,0x00000000ec000000,0x00000000ec000000)
  from space 3072K, 69% used [0x00000000ec300000,0x00000000ec518000,0x00000000ec600000)
  to   space 3072K, 0% used [0x00000000ec000000,0x00000000ec000000,0x00000000ec300000)
 ParOldGen       total 129536K, used 7758K [0x00000000c0000000, 0x00000000c7e80000, 0x00000000eab00000)
  object space 129536K, 5% used [0x00000000c0000000,0x00000000c0793b58,0x00000000c7e80000)
 Metaspace       used 5552K, capacity 6896K, committed 7040K, reserved 1058816K
  class space    used 550K, capacity 616K, committed 640K, reserved 1048576K
Event: 7.246 GC heap after
Heap after GC invocations=13 (full 0):
 PSYoungGen      total 24576K, used 2628K [0x00000000eab00000, 0x00000000ec600000, 0x0000000100000000)
  eden space 21504K, 0% used [0x00000000eab00000,0x00000000eab00000,0x00000000ec000000)
  from space 3072K, 85% used [0x00000000ec000000,0x00000000ec2912e8,0x00000000ec300000)
  to   space 3072K, 0% used [0x00000000ec300000,0x00000000ec300000,0x00000000ec600000)
 ParOldGen       total 129536K, used 9775K [0x00000000c0000000, 0x00000000c7e80000, 0x00000000eab00000)
  object space 129536K, 7% used [0x00000000c0000000,0x00000000c098bd78,0x00000000c7e80000)
 Metaspace       used 5552K, capacity 6896K, committed 7040K, reserved 1058816K
  class space    used 550K, capacity 616K, committed 640K, reserved 1048576K
}

