# JRE version: Java(TM) SE Runtime Environment (8.0_05-b13) (build 1.8.0_05-b13)
# Java VM: Java HotSpot(TM) 64-Bit Server VM (25.5-b02 mixed mode windows-amd64 compressed oops)
Heap:
 PSYoungGen      total 109056K, used 89170K [0x00000000eab00000, 0x00000000f2580000, 0x0000000100000000)
  eden space 94208K, 84% used [0x00000000eab00000,0x00000000ef8d3bb8,0x00000000f0700000)
  from space 14848K, 63% used [0x00000000f1600000,0x00000000f1f40e38,0x00000000f2480000)
  to   space 15360K, 0% used [0x00000000f0700000,0x00000000f0700000,0x00000000f1600000)
 ParOldGen       total 129536K, used 49768K [0x00000000c0000000, 0x00000000c7e80000, 0x00000000eab00000)
  object space 129536K, 38% used [0x00000000c0000000,0x00000000c309a2d0,0x00000000c7e80000)
 Metaspace       used 6733K, capacity 7480K, committed 7680K, reserved 1056768K
  class space    used 657K, capacity 688K, committed 768K, reserved 1048576K
GC Heap History (10 events):
Event: 8.035 GC heap before
{Heap before GC invocations=16 (full 0):
 PSYoungGen      total 35840K, used 35798K [0x00000000eab00000, 0x00000000ee700000, 0x0000000100000000)
  eden space 30720K, 100% used [0x00000000eab00000,0x00000000ec900000,0x00000000ec900000)
  from space 5120K, 99% used [0x00000000ec900000,0x00000000ecdf5a30,0x00000000ece00000)
  to   space 6144K, 0% used [0x00000000ee100000,0x00000000ee100000,0x00000000ee700000)
 ParOldGen       total 129536K, used 16253K [0x00000000c0000000, 0x00000000c7e80000, 0x00000000eab00000)
  object space 129536K, 12% used [0x00000000c0000000,0x00000000c0fdf540,0x00000000c7e80000)
 Metaspace       used 5875K, capacity 6960K, committed 7040K, reserved 1056768K
  class space    used 585K, capacity 616K, committed 640K, reserved 1048576K
Event: 8.496 GC heap after
Heap after GC invocations=16 (full 0):
 PSYoungGen      total 54784K, used 5106K [0x00000000eab00000, 0x00000000ee800000, 0x0000000100000000)
  eden space 48640K, 0% used [0x00000000eab00000,0x00000000eab00000,0x00000000eda80000)
  from space 6144K, 83% used [0x00000000ee100000,0x00000000ee5fcbb0,0x00000000ee700000)
  to   space 6656K, 0% used [0x00000000eda80000,0x00000000eda80000,0x00000000ee100000)
 ParOldGen       total 129536K, used 20722K [0x00000000c0000000, 0x00000000c7e80000, 0x00000000eab00000)
  object space 129536K, 15% used [0x00000000c0000000,0x00000000c143c810,0x00000000c7e80000)
 Metaspace       used 5875K, capacity 6960K, committed 7040K, reserved 1056768K
  class space    used 585K, capacity 616K, committed 640K, reserved 1048576K
}
Event: 9.909 GC heap before
{Heap before GC invocations=17 (full 0):
 PSYoungGen      total 54784K, used 53746K [0x00000000eab00000, 0x00000000ee800000, 0x0000000100000000)
  eden space 48640K, 100% used [0x00000000eab00000,0x00000000eda80000,0x00000000eda80000)
  from space 6144K, 83% used [0x00000000ee100000,0x00000000ee5fcbb0,0x00000000ee700000)
  to   space 6656K, 0% used [0x00000000eda80000,0x00000000eda80000,0x00000000ee100000)
 ParOldGen       total 129536K, used 20722K [0x00000000c0000000, 0x00000000c7e80000, 0x00000000eab00000)
  object space 129536K, 15% used [0x00000000c0000000,0x00000000c143c810,0x00000000c7e80000)
 Metaspace       used 5912K, capacity 7024K, committed 7296K, reserved 1056768K
  class space    used 585K, capacity 616K, committed 640K, reserved 1048576K
Event: 10.051 GC heap after
Heap after GC invocations=17 (full 0):
 PSYoungGen      total 55296K, used 6635K [0x00000000eab00000, 0x00000000f0180000, 0x0000000100000000)
  eden space 48640K, 0% used [0x00000000eab00000,0x00000000eab00000,0x00000000eda80000)
  from space 6656K, 99% used [0x00000000eda80000,0x00000000ee0fade0,0x00000000ee100000)
  to   space 10240K, 0% used [0x00000000ef780000,0x00000000ef780000,0x00000000f0180000)
 ParOldGen       total 129536K, used 26903K [0x00000000c0000000, 0x00000000c7e80000, 0x00000000eab00000)
  object space 129536K, 20% used [0x00000000c0000000,0x00000000c1a45d68,0x00000000c7e80000)
 Metaspace       used 5912K, capacity 7024K, committed 7296K, reserved 1056768K
  class space    used 585K, capacity 616K, committed 640K, reserved 1048576K
}
Event: 10.544 GC heap before
{Heap before GC invocations=18 (full 0):
 PSYoungGen      total 55296K, used 55275K [0x00000000eab00000, 0x00000000f0180000, 0x0000000100000000)
  eden space 48640K, 100% used [0x00000000eab00000,0x00000000eda80000,0x00000000eda80000)
  from space 6656K, 99% used [0x00000000eda80000,0x00000000ee0fade0,0x00000000ee100000)
  to   space 10240K, 0% used [0x00000000ef780000,0x00000000ef780000,0x00000000f0180000)
 ParOldGen       total 129536K, used 26903K [0x00000000c0000000, 0x00000000c7e80000, 0x00000000eab00000)
  object space 129536K, 20% used [0x00000000c0000000,0x00000000c1a45d68,0x00000000c7e80000)
 Metaspace       used 5926K, capacity 7024K, committed 7296K, reserved 1056768K
  class space    used 585K, capacity 616K, committed 640K, reserved 1048576K
Event: 10.587 GC heap after
Heap after GC invocations=18 (full 0):
 PSYoungGen      total 77824K, used 6925K [0x00000000eab00000, 0x00000000f0280000, 0x0000000100000000)
  eden space 67584K, 0% used [0x00000000eab00000,0x00000000eab00000,0x00000000eed00000)
  from space 10240K, 67% used [0x00000000ef780000,0x00000000efe434b0,0x00000000f0180000)
  to   space 10752K, 0% used [0x00000000eed00000,0x00000000eed00000,0x00000000ef780000)
 ParOldGen       total 129536K, used 33208K [0x00000000c0000000, 0x00000000c7e80000, 0x00000000eab00000)
  object space 129536K, 25% used [0x00000000c0000000,0x00000000c206e378,0x00000000c7e80000)
 Metaspace       used 5926K, capacity 7024K, committed 7296K, reserved 1056768K
  class space    used 585K, capacity 616K, committed 640K, reserved 1048576K
}
Event: 11.302 GC heap before
{Heap before GC invocations=19 (full 0):
 PSYoungGen      total 77824K, used 74509K [0x00000000eab00000, 0x00000000f0280000, 0x0000000100000000)
  eden space 67584K, 100% used [0x00000000eab00000,0x00000000eed00000,0x00000000eed00000)
  from space 10240K, 67% used [0x00000000ef780000,0x00000000efe434b0,0x00000000f0180000)
  to   space 10752K, 0% used [0x00000000eed00000,0x00000000eed00000,0x00000000ef780000)
 ParOldGen       total 129536K, used 33208K [0x00000000c0000000, 0x00000000c7e80000, 0x00000000eab00000)
  object space 129536K, 25% used [0x00000000c0000000,0x00000000c206e378,0x00000000c7e80000)
 Metaspace       used 6032K, capacity 7026K, committed 7296K, reserved 1056768K
  class space    used 604K, capacity 618K, committed 640K, reserved 1048576K
Event: 11.354 GC heap after
Heap after GC invocations=19 (full 0):
 PSYoungGen      total 78336K, used 10743K [0x00000000eab00000, 0x00000000f2480000, 0x0000000100000000)
  eden space 67584K, 0% used [0x00000000eab00000,0x00000000eab00000,0x00000000eed00000)
  from space 10752K, 99% used [0x00000000eed00000,0x00000000ef77dcb8,0x00000000ef780000)
  to   space 14848K, 0% used [0x00000000f1600000,0x00000000f1600000,0x00000000f2480000)
 ParOldGen       total 129536K, used 39614K [0x00000000c0000000, 0x00000000c7e80000, 0x00000000eab00000)
  object space 129536K, 30% used [0x00000000c0000000,0x00000000c26afbf0,0x00000000c7e80000)
 Metaspace       used 6032K, capacity 7026K, committed 7296K, reserved 1056768K
  class space    used 604K, capacity 618K, committed 640K, reserved 1048576K
}
Event: 12.029 GC heap before
{Heap before GC invocations=20 (full 0):
 PSYoungGen      total 78336K, used 78327K [0x00000000eab00000, 0x00000000f2480000, 0x0000000100000000)
  eden space 67584K, 100% used [0x00000000eab00000,0x00000000eed00000,0x00000000eed00000)
  from space 10752K, 99% used [0x00000000eed00000,0x00000000ef77dcb8,0x00000000ef780000)
  to   space 14848K, 0% used [0x00000000f1600000,0x00000000f1600000,0x00000000f2480000)
 ParOldGen       total 129536K, used 39614K [0x00000000c0000000, 0x00000000c7e80000, 0x00000000eab00000)
  object space 129536K, 30% used [0x00000000c0000000,0x00000000c26afbf0,0x00000000c7e80000)
 Metaspace       used 6039K, capacity 7026K, committed 7296K, reserved 1056768K
  class space    used 604K, capacity 618K, committed 640K, reserved 1048576K
Event: 12.140 GC heap after
Heap after GC invocations=20 (full 0):
 PSYoungGen      total 109056K, used 9475K [0x00000000eab00000, 0x00000000f2580000, 0x0000000100000000)
  eden space 94208K, 0% used [0x00000000eab00000,0x00000000eab00000,0x00000000f0700000)
  from space 14848K, 63% used [0x00000000f1600000,0x00000000f1f40e38,0x00000000f2480000)
  to   space 15360K, 0% used [0x00000000f0700000,0x00000000f0700000,0x00000000f1600000)
 ParOldGen       total 129536K, used 49768K [0x00000000c0000000, 0x00000000c7e80000, 0x00000000eab00000)
  object space 129536K, 38% used [0x00000000c0000000,0x00000000c309a2d0,0x00000000c7e80000)
 Metaspace       used 6039K, capacity 7026K, committed 7296K, reserved 1056768K
  class space    used 604K, capacity 618K, committed 640K, reserved 1048576K
}

