# JRE version: Java(TM) SE Runtime Environment (8.0_05-b13) (build 1.8.0_05-b13)
# Java VM: Java HotSpot(TM) 64-Bit Server VM (25.5-b02 mixed mode windows-amd64 compressed oops)
Heap:
 PSYoungGen      total 52736K, used 15705K [0x00000000eab00000, 0x00000000efd00000, 0x0000000100000000)
  eden space 46592K, 20% used [0x00000000eab00000,0x00000000eb45e5a8,0x00000000ed880000)
  from space 6144K, 99% used [0x00000000ed880000,0x00000000ede78010,0x00000000ede80000)
  to   space 9216K, 0% used [0x00000000ef400000,0x00000000ef400000,0x00000000efd00000)
 ParOldGen       total 129536K, used 25345K [0x00000000c0000000, 0x00000000c7e80000, 0x00000000eab00000)
  object space 129536K, 19% used [0x00000000c0000000,0x00000000c18c07c8,0x00000000c7e80000)
 Metaspace       used 6208K, capacity 7192K, committed 7424K, reserved 1056768K
  class space    used 621K, capacity 656K, committed 768K, reserved 1048576K
GC Heap History (10 events):
Event: 7.693 GC heap before
{Heap before GC invocations=13 (full 0):
 PSYoungGen      total 22528K, used 20768K [0x00000000eab00000, 0x00000000ec500000, 0x0000000100000000)
  eden space 18432K, 100% used [0x00000000eab00000,0x00000000ebd00000,0x00000000ebd00000)
  from space 4096K, 57% used [0x00000000ec100000,0x00000000ec348000,0x00000000ec500000)
  to   space 4096K, 0% used [0x00000000ebd00000,0x00000000ebd00000,0x00000000ec100000)
 ParOldGen       total 129536K, used 8457K [0x00000000c0000000, 0x00000000c7e80000, 0x00000000eab00000)
  object space 129536K, 6% used [0x00000000c0000000,0x00000000c08425b0,0x00000000c7e80000)
 Metaspace       used 5741K, capacity 6896K, committed 7040K, reserved 1056768K
  class space    used 581K, capacity 616K, committed 640K, reserved 1048576K
Event: 7.767 GC heap after
Heap after GC invocations=13 (full 0):
 PSYoungGen      total 22528K, used 3456K [0x00000000eab00000, 0x00000000ed100000, 0x0000000100000000)
  eden space 18432K, 0% used [0x00000000eab00000,0x00000000eab00000,0x00000000ebd00000)
  from space 4096K, 84% used [0x00000000ebd00000,0x00000000ec060000,0x00000000ec100000)
  to   space 4608K, 0% used [0x00000000ecc80000,0x00000000ecc80000,0x00000000ed100000)
 ParOldGen       total 129536K, used 10385K [0x00000000c0000000, 0x00000000c7e80000, 0x00000000eab00000)
  object space 129536K, 8% used [0x00000000c0000000,0x00000000c0a24600,0x00000000c7e80000)
 Metaspace       used 5741K, capacity 6896K, committed 7040K, reserved 1056768K
  class space    used 581K, capacity 616K, committed 640K, reserved 1048576K
}
Event: 8.275 GC heap before
{Heap before GC invocations=14 (full 0):
 PSYoungGen      total 22528K, used 21888K [0x00000000eab00000, 0x00000000ed100000, 0x0000000100000000)
  eden space 18432K, 100% used [0x00000000eab00000,0x00000000ebd00000,0x00000000ebd00000)
  from space 4096K, 84% used [0x00000000ebd00000,0x00000000ec060000,0x00000000ec100000)
  to   space 4608K, 0% used [0x00000000ecc80000,0x00000000ecc80000,0x00000000ed100000)
 ParOldGen       total 129536K, used 10385K [0x00000000c0000000, 0x00000000c7e80000, 0x00000000eab00000)
  object space 129536K, 8% used [0x00000000c0000000,0x00000000c0a24600,0x00000000c7e80000)
 Metaspace       used 5786K, capacity 6896K, committed 7040K, reserved 1056768K
  class space    used 581K, capacity 616K, committed 640K, reserved 1048576K
Event: 8.407 GC heap after
Heap after GC invocations=14 (full 0):
 PSYoungGen      total 33792K, used 3640K [0x00000000eab00000, 0x00000000ed200000, 0x0000000100000000)
  eden space 29184K, 0% used [0x00000000eab00000,0x00000000eab00000,0x00000000ec780000)
  from space 4608K, 79% used [0x00000000ecc80000,0x00000000ed00e3a0,0x00000000ed100000)
  to   space 5120K, 0% used [0x00000000ec780000,0x00000000ec780000,0x00000000ecc80000)
 ParOldGen       total 129536K, used 12231K [0x00000000c0000000, 0x00000000c7e80000, 0x00000000eab00000)
  object space 129536K, 9% used [0x00000000c0000000,0x00000000c0bf1f48,0x00000000c7e80000)
 Metaspace       used 5786K, capacity 6896K, committed 7040K, reserved 1056768K
  class space    used 581K, capacity 616K, committed 640K, reserved 1048576K
}
Event: 9.135 GC heap before
{Heap before GC invocations=15 (full 0):
 PSYoungGen      total 33792K, used 32824K [0x00000000eab00000, 0x00000000ed200000, 0x0000000100000000)
  eden space 29184K, 100% used [0x00000000eab00000,0x00000000ec780000,0x00000000ec780000)
  from space 4608K, 79% used [0x00000000ecc80000,0x00000000ed00e3a0,0x00000000ed100000)
  to   space 5120K, 0% used [0x00000000ec780000,0x00000000ec780000,0x00000000ecc80000)
 ParOldGen       total 129536K, used 12231K [0x00000000c0000000, 0x00000000c7e80000, 0x00000000eab00000)
  object space 129536K, 9% used [0x00000000c0000000,0x00000000c0bf1f48,0x00000000c7e80000)
 Metaspace       used 5891K, capacity 6962K, committed 7040K, reserved 1056768K
  class space    used 600K, capacity 618K, committed 640K, reserved 1048576K
Event: 9.150 GC heap after
Heap after GC invocations=15 (full 0):
 PSYoungGen      total 34304K, used 4736K [0x00000000eab00000, 0x00000000ee400000, 0x0000000100000000)
  eden space 29184K, 0% used [0x00000000eab00000,0x00000000eab00000,0x00000000ec780000)
  from space 5120K, 92% used [0x00000000ec780000,0x00000000ecc20000,0x00000000ecc80000)
  to   space 5632K, 0% used [0x00000000ede80000,0x00000000ede80000,0x00000000ee400000)
 ParOldGen       total 129536K, used 15500K [0x00000000c0000000, 0x00000000c7e80000, 0x00000000eab00000)
  object space 129536K, 11% used [0x00000000c0000000,0x00000000c0f231f0,0x00000000c7e80000)
 Metaspace       used 5891K, capacity 6962K, committed 7040K, reserved 1056768K
  class space    used 600K, capacity 618K, committed 640K, reserved 1048576K
}
Event: 10.175 GC heap before
{Heap before GC invocations=16 (full 0):
 PSYoungGen      total 34304K, used 33920K [0x00000000eab00000, 0x00000000ee400000, 0x0000000100000000)
  eden space 29184K, 100% used [0x00000000eab00000,0x00000000ec780000,0x00000000ec780000)
  from space 5120K, 92% used [0x00000000ec780000,0x00000000ecc20000,0x00000000ecc80000)
  to   space 5632K, 0% used [0x00000000ede80000,0x00000000ede80000,0x00000000ee400000)
 ParOldGen       total 129536K, used 15500K [0x00000000c0000000, 0x00000000c7e80000, 0x00000000eab00000)
  object space 129536K, 11% used [0x00000000c0000000,0x00000000c0f231f0,0x00000000c7e80000)
 Metaspace       used 5916K, capacity 6962K, committed 7040K, reserved 1056768K
  class space    used 600K, capacity 618K, committed 640K, reserved 1048576K
Event: 10.417 GC heap after
Heap after GC invocations=16 (full 0):
 PSYoungGen      total 52224K, used 4944K [0x00000000eab00000, 0x00000000ee500000, 0x0000000100000000)
  eden space 46592K, 0% used [0x00000000eab00000,0x00000000eab00000,0x00000000ed880000)
  from space 5632K, 87% used [0x00000000ede80000,0x00000000ee354010,0x00000000ee400000)
  to   space 6144K, 0% used [0x00000000ed880000,0x00000000ed880000,0x00000000ede80000)
 ParOldGen       total 129536K, used 19878K [0x00000000c0000000, 0x00000000c7e80000, 0x00000000eab00000)
  object space 129536K, 15% used [0x00000000c0000000,0x00000000c1369a90,0x00000000c7e80000)
 Metaspace       used 5916K, capacity 6962K, committed 7040K, reserved 1056768K
  class space    used 600K, capacity 618K, committed 640K, reserved 1048576K
}
Event: 11.079 GC heap before
{Heap before GC invocations=17 (full 0):
 PSYoungGen      total 52224K, used 51536K [0x00000000eab00000, 0x00000000ee500000, 0x0000000100000000)
  eden space 46592K, 100% used [0x00000000eab00000,0x00000000ed880000,0x00000000ed880000)
  from space 5632K, 87% used [0x00000000ede80000,0x00000000ee354010,0x00000000ee400000)
  to   space 6144K, 0% used [0x00000000ed880000,0x00000000ed880000,0x00000000ede80000)
 ParOldGen       total 129536K, used 19878K [0x00000000c0000000, 0x00000000c7e80000, 0x00000000eab00000)
  object space 129536K, 15% used [0x00000000c0000000,0x00000000c1369a90,0x00000000c7e80000)
 Metaspace       used 5938K, capacity 6964K, committed 7040K, reserved 1056768K
  class space    used 602K, capacity 620K, committed 640K, reserved 1048576K
Event: 11.108 GC heap after
Heap after GC invocations=17 (full 0):
 PSYoungGen      total 52736K, used 6112K [0x00000000eab00000, 0x00000000efd00000, 0x0000000100000000)
  eden space 46592K, 0% used [0x00000000eab00000,0x00000000eab00000,0x00000000ed880000)
  from space 6144K, 99% used [0x00000000ed880000,0x00000000ede78010,0x00000000ede80000)
  to   space 9216K, 0% used [0x00000000ef400000,0x00000000ef400000,0x00000000efd00000)
 ParOldGen       total 129536K, used 25345K [0x00000000c0000000, 0x00000000c7e80000, 0x00000000eab00000)
  object space 129536K, 19% used [0x00000000c0000000,0x00000000c18c07c8,0x00000000c7e80000)
 Metaspace       used 5938K, capacity 6964K, committed 7040K, reserved 1056768K
  class space    used 602K, capacity 620K, committed 640K, reserved 1048576K
}

