# JRE version: Java(TM) SE Runtime Environment (8.0_05-b13) (build 1.8.0_05-b13)
# Java VM: Java HotSpot(TM) 64-Bit Server VM (25.5-b02 mixed mode windows-amd64 compressed oops)
Heap:
 PSYoungGen      total 114688K, used 49619K [0x00000000eab00000, 0x00000000f2b80000, 0x0000000100000000)
  eden space 100864K, 38% used [0x00000000eab00000,0x00000000ed10f388,0x00000000f0d80000)
  from space 13824K, 77% used [0x00000000f1c00000,0x00000000f2665a58,0x00000000f2980000)
  to   space 14848K, 0% used [0x00000000f0d80000,0x00000000f0d80000,0x00000000f1c00000)
 ParOldGen       total 129536K, used 52492K [0x00000000c0000000, 0x00000000c7e80000, 0x00000000eab00000)
  object space 129536K, 40% used [0x00000000c0000000,0x00000000c3343260,0x00000000c7e80000)
 Metaspace       used 6382K, capacity 7352K, committed 7680K, reserved 1056768K
  class space    used 626K, capacity 688K, committed 768K, reserved 1048576K
GC Heap History (10 events):
Event: 17.951 GC heap before
{Heap before GC invocations=16 (full 0):
 PSYoungGen      total 37888K, used 37888K [0x00000000eab00000, 0x00000000eec00000, 0x0000000100000000)
  eden space 33280K, 100% used [0x00000000eab00000,0x00000000ecb80000,0x00000000ecb80000)
  from space 4608K, 100% used [0x00000000ecb80000,0x00000000ed000000,0x00000000ed000000)
  to   space 6656K, 0% used [0x00000000ee580000,0x00000000ee580000,0x00000000eec00000)
 ParOldGen       total 129536K, used 17280K [0x00000000c0000000, 0x00000000c7e80000, 0x00000000eab00000)
  object space 129536K, 13% used [0x00000000c0000000,0x00000000c10e01e8,0x00000000c7e80000)
 Metaspace       used 5871K, capacity 6960K, committed 7040K, reserved 1056768K
  class space    used 585K, capacity 616K, committed 640K, reserved 1048576K
Event: 18.074 GC heap after
Heap after GC invocations=16 (full 0):
 PSYoungGen      total 58880K, used 5458K [0x00000000eab00000, 0x00000000eee00000, 0x0000000100000000)
  eden space 52224K, 0% used [0x00000000eab00000,0x00000000eab00000,0x00000000ede00000)
  from space 6656K, 82% used [0x00000000ee580000,0x00000000eead4bb0,0x00000000eec00000)
  to   space 7680K, 0% used [0x00000000ede00000,0x00000000ede00000,0x00000000ee580000)
 ParOldGen       total 129536K, used 21542K [0x00000000c0000000, 0x00000000c7e80000, 0x00000000eab00000)
  object space 129536K, 16% used [0x00000000c0000000,0x00000000c1509ae0,0x00000000c7e80000)
 Metaspace       used 5871K, capacity 6960K, committed 7040K, reserved 1056768K
  class space    used 585K, capacity 616K, committed 640K, reserved 1048576K
}
Event: 19.489 GC heap before
{Heap before GC invocations=17 (full 0):
 PSYoungGen      total 58880K, used 57682K [0x00000000eab00000, 0x00000000eee00000, 0x0000000100000000)
  eden space 52224K, 100% used [0x00000000eab00000,0x00000000ede00000,0x00000000ede00000)
  from space 6656K, 82% used [0x00000000ee580000,0x00000000eead4bb0,0x00000000eec00000)
  to   space 7680K, 0% used [0x00000000ede00000,0x00000000ede00000,0x00000000ee580000)
 ParOldGen       total 129536K, used 21542K [0x00000000c0000000, 0x00000000c7e80000, 0x00000000eab00000)
  object space 129536K, 16% used [0x00000000c0000000,0x00000000c1509ae0,0x00000000c7e80000)
 Metaspace       used 6007K, capacity 7026K, committed 7296K, reserved 1056768K
  class space    used 604K, capacity 618K, committed 640K, reserved 1048576K
Event: 19.649 GC heap after
Heap after GC invocations=17 (full 0):
 PSYoungGen      total 59904K, used 7679K [0x00000000eab00000, 0x00000000f0880000, 0x0000000100000000)
  eden space 52224K, 0% used [0x00000000eab00000,0x00000000eab00000,0x00000000ede00000)
  from space 7680K, 99% used [0x00000000ede00000,0x00000000ee57fd48,0x00000000ee580000)
  to   space 11264K, 0% used [0x00000000efd80000,0x00000000efd80000,0x00000000f0880000)
 ParOldGen       total 129536K, used 27803K [0x00000000c0000000, 0x00000000c7e80000, 0x00000000eab00000)
  object space 129536K, 21% used [0x00000000c0000000,0x00000000c1b26e00,0x00000000c7e80000)
 Metaspace       used 6007K, capacity 7026K, committed 7296K, reserved 1056768K
  class space    used 604K, capacity 618K, committed 640K, reserved 1048576K
}
Event: 21.428 GC heap before
{Heap before GC invocations=18 (full 0):
 PSYoungGen      total 59904K, used 59903K [0x00000000eab00000, 0x00000000f0880000, 0x0000000100000000)
  eden space 52224K, 100% used [0x00000000eab00000,0x00000000ede00000,0x00000000ede00000)
  from space 7680K, 99% used [0x00000000ede00000,0x00000000ee57fd48,0x00000000ee580000)
  to   space 11264K, 0% used [0x00000000efd80000,0x00000000efd80000,0x00000000f0880000)
 ParOldGen       total 129536K, used 27803K [0x00000000c0000000, 0x00000000c7e80000, 0x00000000eab00000)
  object space 129536K, 21% used [0x00000000c0000000,0x00000000c1b26e00,0x00000000c7e80000)
 Metaspace       used 6023K, capacity 7026K, committed 7296K, reserved 1056768K
  class space    used 604K, capacity 618K, committed 640K, reserved 1048576K
Event: 21.862 GC heap after
Heap after GC invocations=18 (full 0):
 PSYoungGen      total 83968K, used 7443K [0x00000000eab00000, 0x00000000f0980000, 0x0000000100000000)
  eden space 72704K, 0% used [0x00000000eab00000,0x00000000eab00000,0x00000000ef200000)
  from space 11264K, 66% used [0x00000000efd80000,0x00000000f04c4ef8,0x00000000f0880000)
  to   space 11776K, 0% used [0x00000000ef200000,0x00000000ef200000,0x00000000efd80000)
 ParOldGen       total 129536K, used 34811K [0x00000000c0000000, 0x00000000c7e80000, 0x00000000eab00000)
  object space 129536K, 26% used [0x00000000c0000000,0x00000000c21fef48,0x00000000c7e80000)
 Metaspace       used 6023K, capacity 7026K, committed 7296K, reserved 1056768K
  class space    used 604K, capacity 618K, committed 640K, reserved 1048576K
}
Event: 23.752 GC heap before
{Heap before GC invocations=19 (full 0):
 PSYoungGen      total 83968K, used 80147K [0x00000000eab00000, 0x00000000f0980000, 0x0000000100000000)
  eden space 72704K, 100% used [0x00000000eab00000,0x00000000ef200000,0x00000000ef200000)
  from space 11264K, 66% used [0x00000000efd80000,0x00000000f04c4ef8,0x00000000f0880000)
  to   space 11776K, 0% used [0x00000000ef200000,0x00000000ef200000,0x00000000efd80000)
 ParOldGen       total 129536K, used 34811K [0x00000000c0000000, 0x00000000c7e80000, 0x00000000eab00000)
  object space 129536K, 26% used [0x00000000c0000000,0x00000000c21fef48,0x00000000c7e80000)
 Metaspace       used 6032K, capacity 7026K, committed 7296K, reserved 1056768K
  class space    used 604K, capacity 618K, committed 640K, reserved 1048576K
Event: 23.884 GC heap after
Heap after GC invocations=19 (full 0):
 PSYoungGen      total 84480K, used 11525K [0x00000000eab00000, 0x00000000f2980000, 0x0000000100000000)
  eden space 72704K, 0% used [0x00000000eab00000,0x00000000eab00000,0x00000000ef200000)
  from space 11776K, 97% used [0x00000000ef200000,0x00000000efd41450,0x00000000efd80000)
  to   space 13824K, 0% used [0x00000000f1c00000,0x00000000f1c00000,0x00000000f2980000)
 ParOldGen       total 129536K, used 42010K [0x00000000c0000000, 0x00000000c7e80000, 0x00000000eab00000)
  object space 129536K, 32% used [0x00000000c0000000,0x00000000c29068f8,0x00000000c7e80000)
 Metaspace       used 6032K, capacity 7026K, committed 7296K, reserved 1056768K
  class space    used 604K, capacity 618K, committed 640K, reserved 1048576K
}
Event: 24.786 GC heap before
{Heap before GC invocations=20 (full 0):
 PSYoungGen      total 84480K, used 84229K [0x00000000eab00000, 0x00000000f2980000, 0x0000000100000000)
  eden space 72704K, 100% used [0x00000000eab00000,0x00000000ef200000,0x00000000ef200000)
  from space 11776K, 97% used [0x00000000ef200000,0x00000000efd41450,0x00000000efd80000)
  to   space 13824K, 0% used [0x00000000f1c00000,0x00000000f1c00000,0x00000000f2980000)
 ParOldGen       total 129536K, used 42010K [0x00000000c0000000, 0x00000000c7e80000, 0x00000000eab00000)
  object space 129536K, 32% used [0x00000000c0000000,0x00000000c29068f8,0x00000000c7e80000)
 Metaspace       used 6036K, capacity 7026K, committed 7296K, reserved 1056768K
  class space    used 604K, capacity 618K, committed 640K, reserved 1048576K
Event: 24.911 GC heap after
Heap after GC invocations=20 (full 0):
 PSYoungGen      total 114688K, used 10646K [0x00000000eab00000, 0x00000000f2b80000, 0x0000000100000000)
  eden space 100864K, 0% used [0x00000000eab00000,0x00000000eab00000,0x00000000f0d80000)
  from space 13824K, 77% used [0x00000000f1c00000,0x00000000f2665a58,0x00000000f2980000)
  to   space 14848K, 0% used [0x00000000f0d80000,0x00000000f0d80000,0x00000000f1c00000)
 ParOldGen       total 129536K, used 52492K [0x00000000c0000000, 0x00000000c7e80000, 0x00000000eab00000)
  object space 129536K, 40% used [0x00000000c0000000,0x00000000c3343260,0x00000000c7e80000)
 Metaspace       used 6036K, capacity 7026K, committed 7296K, reserved 1056768K
  class space    used 604K, capacity 618K, committed 640K, reserved 1048576K
}

