# JRE version: Java(TM) SE Runtime Environment (8.0_05-b13) (build 1.8.0_05-b13)
# Java VM: Java HotSpot(TM) 64-Bit Server VM (25.5-b02 mixed mode windows-amd64 compressed oops)
Heap:
 PSYoungGen      total 75776K, used 67643K [0x00000000eab00000, 0x00000000f0100000, 0x0000000100000000)
  eden space 66560K, 88% used [0x00000000eab00000,0x00000000ee4a0838,0x00000000eec00000)
  from space 9216K, 93% used [0x00000000ef600000,0x00000000efe6e540,0x00000000eff00000)
  to   space 10240K, 0% used [0x00000000eec00000,0x00000000eec00000,0x00000000ef600000)
 ParOldGen       total 129536K, used 31620K [0x00000000c0000000, 0x00000000c7e80000, 0x00000000eab00000)
  object space 129536K, 24% used [0x00000000c0000000,0x00000000c1ee12d8,0x00000000c7e80000)
 Metaspace       used 6296K, capacity 7288K, committed 7424K, reserved 1056768K
  class space    used 625K, capacity 688K, committed 768K, reserved 1048576K
GC Heap History (10 events):
Event: 7.463 GC heap before
{Heap before GC invocations=14 (full 0):
 PSYoungGen      total 22528K, used 22160K [0x00000000eab00000, 0x00000000ed100000, 0x0000000100000000)
  eden space 18944K, 100% used [0x00000000eab00000,0x00000000ebd80000,0x00000000ebd80000)
  from space 3584K, 89% used [0x00000000ebd80000,0x00000000ec0a4010,0x00000000ec100000)
  to   space 4096K, 0% used [0x00000000ecd00000,0x00000000ecd00000,0x00000000ed100000)
 ParOldGen       total 129536K, used 10212K [0x00000000c0000000, 0x00000000c7e80000, 0x00000000eab00000)
  object space 129536K, 7% used [0x00000000c0000000,0x00000000c09f93a0,0x00000000c7e80000)
 Metaspace       used 5918K, capacity 6962K, committed 7040K, reserved 1056768K
  class space    used 604K, capacity 618K, committed 640K, reserved 1048576K
Event: 7.626 GC heap after
Heap after GC invocations=14 (full 0):
 PSYoungGen      total 34304K, used 3168K [0x00000000eab00000, 0x00000000ed200000, 0x0000000100000000)
  eden space 30208K, 0% used [0x00000000eab00000,0x00000000eab00000,0x00000000ec880000)
  from space 4096K, 77% used [0x00000000ecd00000,0x00000000ed018000,0x00000000ed100000)
  to   space 4608K, 0% used [0x00000000ec880000,0x00000000ec880000,0x00000000ecd00000)
 ParOldGen       total 129536K, used 12663K [0x00000000c0000000, 0x00000000c7e80000, 0x00000000eab00000)
  object space 129536K, 9% used [0x00000000c0000000,0x00000000c0c5de20,0x00000000c7e80000)
 Metaspace       used 5918K, capacity 6962K, committed 7040K, reserved 1056768K
  class space    used 604K, capacity 618K, committed 640K, reserved 1048576K
}
Event: 10.937 GC heap before
{Heap before GC invocations=15 (full 0):
 PSYoungGen      total 34304K, used 33376K [0x00000000eab00000, 0x00000000ed200000, 0x0000000100000000)
  eden space 30208K, 100% used [0x00000000eab00000,0x00000000ec880000,0x00000000ec880000)
  from space 4096K, 77% used [0x00000000ecd00000,0x00000000ed018000,0x00000000ed100000)
  to   space 4608K, 0% used [0x00000000ec880000,0x00000000ec880000,0x00000000ecd00000)
 ParOldGen       total 129536K, used 12663K [0x00000000c0000000, 0x00000000c7e80000, 0x00000000eab00000)
  object space 129536K, 9% used [0x00000000c0000000,0x00000000c0c5de20,0x00000000c7e80000)
 Metaspace       used 5953K, capacity 6962K, committed 7040K, reserved 1056768K
  class space    used 605K, capacity 618K, committed 640K, reserved 1048576K
Event: 10.987 GC heap after
Heap after GC invocations=15 (full 0):
 PSYoungGen      total 34816K, used 4529K [0x00000000eab00000, 0x00000000ee480000, 0x0000000100000000)
  eden space 30208K, 0% used [0x00000000eab00000,0x00000000eab00000,0x00000000ec880000)
  from space 4608K, 98% used [0x00000000ec880000,0x00000000eccec490,0x00000000ecd00000)
  to   space 5120K, 0% used [0x00000000edf80000,0x00000000edf80000,0x00000000ee480000)
 ParOldGen       total 129536K, used 15280K [0x00000000c0000000, 0x00000000c7e80000, 0x00000000eab00000)
  object space 129536K, 11% used [0x00000000c0000000,0x00000000c0eec260,0x00000000c7e80000)
 Metaspace       used 5953K, capacity 6962K, committed 7040K, reserved 1056768K
  class space    used 605K, capacity 618K, committed 640K, reserved 1048576K
}
Event: 12.118 GC heap before
{Heap before GC invocations=16 (full 0):
 PSYoungGen      total 34816K, used 34737K [0x00000000eab00000, 0x00000000ee480000, 0x0000000100000000)
  eden space 30208K, 100% used [0x00000000eab00000,0x00000000ec880000,0x00000000ec880000)
  from space 4608K, 98% used [0x00000000ec880000,0x00000000eccec490,0x00000000ecd00000)
  to   space 5120K, 0% used [0x00000000edf80000,0x00000000edf80000,0x00000000ee480000)
 ParOldGen       total 129536K, used 15280K [0x00000000c0000000, 0x00000000c7e80000, 0x00000000eab00000)
  object space 129536K, 11% used [0x00000000c0000000,0x00000000c0eec260,0x00000000c7e80000)
 Metaspace       used 5967K, capacity 6962K, committed 7040K, reserved 1056768K
  class space    used 605K, capacity 618K, committed 640K, reserved 1048576K
Event: 12.193 GC heap after
Heap after GC invocations=16 (full 0):
 PSYoungGen      total 53248K, used 4629K [0x00000000eab00000, 0x00000000ee580000, 0x0000000100000000)
  eden space 48128K, 0% used [0x00000000eab00000,0x00000000eab00000,0x00000000eda00000)
  from space 5120K, 90% used [0x00000000edf80000,0x00000000ee405730,0x00000000ee480000)
  to   space 5632K, 0% used [0x00000000eda00000,0x00000000eda00000,0x00000000edf80000)
 ParOldGen       total 129536K, used 19540K [0x00000000c0000000, 0x00000000c7e80000, 0x00000000eab00000)
  object space 129536K, 15% used [0x00000000c0000000,0x00000000c1315320,0x00000000c7e80000)
 Metaspace       used 5967K, capacity 6962K, committed 7040K, reserved 1056768K
  class space    used 605K, capacity 618K, committed 640K, reserved 1048576K
}
Event: 15.385 GC heap before
{Heap before GC invocations=17 (full 0):
 PSYoungGen      total 53248K, used 52757K [0x00000000eab00000, 0x00000000ee580000, 0x0000000100000000)
  eden space 48128K, 100% used [0x00000000eab00000,0x00000000eda00000,0x00000000eda00000)
  from space 5120K, 90% used [0x00000000edf80000,0x00000000ee405730,0x00000000ee480000)
  to   space 5632K, 0% used [0x00000000eda00000,0x00000000eda00000,0x00000000edf80000)
 ParOldGen       total 129536K, used 19540K [0x00000000c0000000, 0x00000000c7e80000, 0x00000000eab00000)
  object space 129536K, 15% used [0x00000000c0000000,0x00000000c1315320,0x00000000c7e80000)
 Metaspace       used 5974K, capacity 6962K, committed 7040K, reserved 1056768K
  class space    used 605K, capacity 618K, committed 640K, reserved 1048576K
Event: 15.677 GC heap after
Heap after GC invocations=17 (full 0):
 PSYoungGen      total 53760K, used 5612K [0x00000000eab00000, 0x00000000eff00000, 0x0000000100000000)
  eden space 48128K, 0% used [0x00000000eab00000,0x00000000eab00000,0x00000000eda00000)
  from space 5632K, 99% used [0x00000000eda00000,0x00000000edf7b2d0,0x00000000edf80000)
  to   space 9216K, 0% used [0x00000000ef600000,0x00000000ef600000,0x00000000eff00000)
 ParOldGen       total 129536K, used 25976K [0x00000000c0000000, 0x00000000c7e80000, 0x00000000eab00000)
  object space 129536K, 20% used [0x00000000c0000000,0x00000000c195e320,0x00000000c7e80000)
 Metaspace       used 5974K, capacity 6962K, committed 7040K, reserved 1056768K
  class space    used 605K, capacity 618K, committed 640K, reserved 1048576K
}
Event: 18.480 GC heap before
{Heap before GC invocations=18 (full 0):
 PSYoungGen      total 53760K, used 53740K [0x00000000eab00000, 0x00000000eff00000, 0x0000000100000000)
  eden space 48128K, 100% used [0x00000000eab00000,0x00000000eda00000,0x00000000eda00000)
  from space 5632K, 99% used [0x00000000eda00000,0x00000000edf7b2d0,0x00000000edf80000)
  to   space 9216K, 0% used [0x00000000ef600000,0x00000000ef600000,0x00000000eff00000)
 ParOldGen       total 129536K, used 25976K [0x00000000c0000000, 0x00000000c7e80000, 0x00000000eab00000)
  object space 129536K, 20% used [0x00000000c0000000,0x00000000c195e320,0x00000000c7e80000)
 Metaspace       used 6023K, capacity 7026K, committed 7296K, reserved 1056768K
  class space    used 605K, capacity 618K, committed 640K, reserved 1048576K
Event: 19.109 GC heap after
Heap after GC invocations=18 (full 0):
 PSYoungGen      total 75776K, used 8633K [0x00000000eab00000, 0x00000000f0100000, 0x0000000100000000)
  eden space 66560K, 0% used [0x00000000eab00000,0x00000000eab00000,0x00000000eec00000)
  from space 9216K, 93% used [0x00000000ef600000,0x00000000efe6e540,0x00000000eff00000)
  to   space 10240K, 0% used [0x00000000eec00000,0x00000000eec00000,0x00000000ef600000)
 ParOldGen       total 129536K, used 31620K [0x00000000c0000000, 0x00000000c7e80000, 0x00000000eab00000)
  object space 129536K, 24% used [0x00000000c0000000,0x00000000c1ee12d8,0x00000000c7e80000)
 Metaspace       used 6023K, capacity 7026K, committed 7296K, reserved 1056768K
  class space    used 605K, capacity 618K, committed 640K, reserved 1048576K
}

